# wav-to-duration --read-entire-file=false scp:data/train_mfcc_16k/split4utt/4/wav.scp ark,t:data/train_mfcc_16k/split4utt/4/utt2dur 
# Started at Thu Nov  2 10:17:29 IST 2023
#
wav-to-duration --read-entire-file=false scp:data/train_mfcc_16k/split4utt/4/wav.scp ark,t:data/train_mfcc_16k/split4utt/4/utt2dur 
WARNING (wav-to-duration[5.5.1076~1-1b07b5]:Read():wave-reader.cc:260) Expected 19574 bytes in RIFF chunk, but after first data block there will be 36 + 18432 bytes (we do not support reading multiple data chunks).
WARNING (wav-to-duration[5.5.1076~1-1b07b5]:Read():wave-reader.cc:260) Expected 39030 bytes in RIFF chunk, but after first data block there will be 36 + 37888 bytes (we do not support reading multiple data chunks).
WARNING (wav-to-duration[5.5.1076~1-1b07b5]:Read():wave-reader.cc:260) Expected 104566 bytes in RIFF chunk, but after first data block there will be 36 + 103424 bytes (we do not support reading multiple data chunks).
WARNING (wav-to-duration[5.5.1076~1-1b07b5]:Read():wave-reader.cc:260) Expected 134262 bytes in RIFF chunk, but after first data block there will be 36 + 133120 bytes (we do not support reading multiple data chunks).
WARNING (wav-to-duration[5.5.1076~1-1b07b5]:Read():wave-reader.cc:260) Expected 32886 bytes in RIFF chunk, but after first data block there will be 36 + 31744 bytes (we do not support reading multiple data chunks).
WARNING (wav-to-duration[5.5.1076~1-1b07b5]:Read():wave-reader.cc:260) Expected 205942 bytes in RIFF chunk, but after first data block there will be 36 + 204800 bytes (we do not support reading multiple data chunks).
WARNING (wav-to-duration[5.5.1076~1-1b07b5]:Read():wave-reader.cc:260) Expected 88182 bytes in RIFF chunk, but after first data block there will be 36 + 87040 bytes (we do not support reading multiple data chunks).
WARNING (wav-to-duration[5.5.1076~1-1b07b5]:Read():wave-reader.cc:260) Expected 31862 bytes in RIFF chunk, but after first data block there will be 36 + 30720 bytes (we do not support reading multiple data chunks).
WARNING (wav-to-duration[5.5.1076~1-1b07b5]:Read():wave-reader.cc:260) Expected 106614 bytes in RIFF chunk, but after first data block there will be 36 + 105472 bytes (we do not support reading multiple data chunks).
WARNING (wav-to-duration[5.5.1076~1-1b07b5]:Read():wave-reader.cc:260) Expected 112758 bytes in RIFF chunk, but after first data block there will be 36 + 111616 bytes (we do not support reading multiple data chunks).
WARNING (wav-to-duration[5.5.1076~1-1b07b5]:Read():wave-reader.cc:260) Expected 18550 bytes in RIFF chunk, but after first data block there will be 36 + 17408 bytes (we do not support reading multiple data chunks).
WARNING (wav-to-duration[5.5.1076~1-1b07b5]:Read():wave-reader.cc:260) Expected 101494 bytes in RIFF chunk, but after first data block there will be 36 + 100352 bytes (we do not support reading multiple data chunks).
WARNING (wav-to-duration[5.5.1076~1-1b07b5]:Read():wave-reader.cc:260) Expected 120950 bytes in RIFF chunk, but after first data block there will be 36 + 119808 bytes (we do not support reading multiple data chunks).
WARNING (wav-to-duration[5.5.1076~1-1b07b5]:Read():wave-reader.cc:260) Expected 24694 bytes in RIFF chunk, but after first data block there will be 36 + 23552 bytes (we do not support reading multiple data chunks).
WARNING (wav-to-duration[5.5.1076~1-1b07b5]:Read():wave-reader.cc:260) Expected 29814 bytes in RIFF chunk, but after first data block there will be 36 + 28672 bytes (we do not support reading multiple data chunks).
WARNING (wav-to-duration[5.5.1076~1-1b07b5]:Read():wave-reader.cc:260) Expected 78966 bytes in RIFF chunk, but after first data block there will be 36 + 77824 bytes (we do not support reading multiple data chunks).
WARNING (wav-to-duration[5.5.1076~1-1b07b5]:Read():wave-reader.cc:260) Expected 79990 bytes in RIFF chunk, but after first data block there will be 36 + 78848 bytes (we do not support reading multiple data chunks).
WARNING (wav-to-duration[5.5.1076~1-1b07b5]:Read():wave-reader.cc:260) Expected 107638 bytes in RIFF chunk, but after first data block there will be 36 + 106496 bytes (we do not support reading multiple data chunks).
WARNING (wav-to-duration[5.5.1076~1-1b07b5]:Read():wave-reader.cc:260) Expected 81014 bytes in RIFF chunk, but after first data block there will be 36 + 79872 bytes (we do not support reading multiple data chunks).
WARNING (wav-to-duration[5.5.1076~1-1b07b5]:Read():wave-reader.cc:260) Expected 90230 bytes in RIFF chunk, but after first data block there will be 36 + 89088 bytes (we do not support reading multiple data chunks).
WARNING (wav-to-duration[5.5.1076~1-1b07b5]:Read():wave-reader.cc:260) Expected 113782 bytes in RIFF chunk, but after first data block there will be 36 + 112640 bytes (we do not support reading multiple data chunks).
WARNING (wav-to-duration[5.5.1076~1-1b07b5]:Read():wave-reader.cc:260) Expected 22646 bytes in RIFF chunk, but after first data block there will be 36 + 21504 bytes (we do not support reading multiple data chunks).
WARNING (wav-to-duration[5.5.1076~1-1b07b5]:Read():wave-reader.cc:260) Expected 22646 bytes in RIFF chunk, but after first data block there will be 36 + 21504 bytes (we do not support reading multiple data chunks).
WARNING (wav-to-duration[5.5.1076~1-1b07b5]:Read():wave-reader.cc:260) Expected 120950 bytes in RIFF chunk, but after first data block there will be 36 + 119808 bytes (we do not support reading multiple data chunks).
WARNING (wav-to-duration[5.5.1076~1-1b07b5]:Read():wave-reader.cc:260) Expected 23670 bytes in RIFF chunk, but after first data block there will be 36 + 22528 bytes (we do not support reading multiple data chunks).
WARNING (wav-to-duration[5.5.1076~1-1b07b5]:Read():wave-reader.cc:260) Expected 83062 bytes in RIFF chunk, but after first data block there will be 36 + 81920 bytes (we do not support reading multiple data chunks).
WARNING (wav-to-duration[5.5.1076~1-1b07b5]:Read():wave-reader.cc:260) Expected 138358 bytes in RIFF chunk, but after first data block there will be 36 + 137216 bytes (we do not support reading multiple data chunks).
WARNING (wav-to-duration[5.5.1076~1-1b07b5]:Read():wave-reader.cc:260) Expected 20598 bytes in RIFF chunk, but after first data block there will be 36 + 19456 bytes (we do not support reading multiple data chunks).
WARNING (wav-to-duration[5.5.1076~1-1b07b5]:Read():wave-reader.cc:260) Expected 101494 bytes in RIFF chunk, but after first data block there will be 36 + 100352 bytes (we do not support reading multiple data chunks).
WARNING (wav-to-duration[5.5.1076~1-1b07b5]:Read():wave-reader.cc:260) Expected 83062 bytes in RIFF chunk, but after first data block there will be 36 + 81920 bytes (we do not support reading multiple data chunks).
WARNING (wav-to-duration[5.5.1076~1-1b07b5]:Read():wave-reader.cc:260) Expected 75894 bytes in RIFF chunk, but after first data block there will be 36 + 74752 bytes (we do not support reading multiple data chunks).
WARNING (wav-to-duration[5.5.1076~1-1b07b5]:Read():wave-reader.cc:260) Expected 23670 bytes in RIFF chunk, but after first data block there will be 36 + 22528 bytes (we do not support reading multiple data chunks).
WARNING (wav-to-duration[5.5.1076~1-1b07b5]:Read():wave-reader.cc:260) Expected 65654 bytes in RIFF chunk, but after first data block there will be 36 + 64512 bytes (we do not support reading multiple data chunks).
WARNING (wav-to-duration[5.5.1076~1-1b07b5]:Read():wave-reader.cc:260) Expected 107638 bytes in RIFF chunk, but after first data block there will be 36 + 106496 bytes (we do not support reading multiple data chunks).
WARNING (wav-to-duration[5.5.1076~1-1b07b5]:Read():wave-reader.cc:260) Expected 101494 bytes in RIFF chunk, but after first data block there will be 36 + 100352 bytes (we do not support reading multiple data chunks).
WARNING (wav-to-duration[5.5.1076~1-1b07b5]:Read():wave-reader.cc:260) Expected 24694 bytes in RIFF chunk, but after first data block there will be 36 + 23552 bytes (we do not support reading multiple data chunks).
WARNING (wav-to-duration[5.5.1076~1-1b07b5]:Read():wave-reader.cc:260) Expected 23670 bytes in RIFF chunk, but after first data block there will be 36 + 22528 bytes (we do not support reading multiple data chunks).
WARNING (wav-to-duration[5.5.1076~1-1b07b5]:Read():wave-reader.cc:260) Expected 101494 bytes in RIFF chunk, but after first data block there will be 36 + 100352 bytes (we do not support reading multiple data chunks).
WARNING (wav-to-duration[5.5.1076~1-1b07b5]:Read():wave-reader.cc:260) Expected 105590 bytes in RIFF chunk, but after first data block there will be 36 + 104448 bytes (we do not support reading multiple data chunks).
WARNING (wav-to-duration[5.5.1076~1-1b07b5]:Read():wave-reader.cc:260) Expected 114806 bytes in RIFF chunk, but after first data block there will be 36 + 113664 bytes (we do not support reading multiple data chunks).
WARNING (wav-to-duration[5.5.1076~1-1b07b5]:Read():wave-reader.cc:260) Expected 127094 bytes in RIFF chunk, but after first data block there will be 36 + 125952 bytes (we do not support reading multiple data chunks).
WARNING (wav-to-duration[5.5.1076~1-1b07b5]:Read():wave-reader.cc:260) Expected 58486 bytes in RIFF chunk, but after first data block there will be 36 + 57344 bytes (we do not support reading multiple data chunks).
WARNING (wav-to-duration[5.5.1076~1-1b07b5]:Read():wave-reader.cc:260) Expected 25718 bytes in RIFF chunk, but after first data block there will be 36 + 24576 bytes (we do not support reading multiple data chunks).
WARNING (wav-to-duration[5.5.1076~1-1b07b5]:Read():wave-reader.cc:260) Expected 119926 bytes in RIFF chunk, but after first data block there will be 36 + 118784 bytes (we do not support reading multiple data chunks).
WARNING (wav-to-duration[5.5.1076~1-1b07b5]:Read():wave-reader.cc:260) Expected 16502 bytes in RIFF chunk, but after first data block there will be 36 + 15360 bytes (we do not support reading multiple data chunks).
WARNING (wav-to-duration[5.5.1076~1-1b07b5]:Read():wave-reader.cc:260) Expected 117878 bytes in RIFF chunk, but after first data block there will be 36 + 116736 bytes (we do not support reading multiple data chunks).
WARNING (wav-to-duration[5.5.1076~1-1b07b5]:Read():wave-reader.cc:260) Expected 97398 bytes in RIFF chunk, but after first data block there will be 36 + 96256 bytes (we do not support reading multiple data chunks).
WARNING (wav-to-duration[5.5.1076~1-1b07b5]:Read():wave-reader.cc:260) Expected 24694 bytes in RIFF chunk, but after first data block there will be 36 + 23552 bytes (we do not support reading multiple data chunks).
WARNING (wav-to-duration[5.5.1076~1-1b07b5]:Read():wave-reader.cc:260) Expected 54390 bytes in RIFF chunk, but after first data block there will be 36 + 53248 bytes (we do not support reading multiple data chunks).
WARNING (wav-to-duration[5.5.1076~1-1b07b5]:Read():wave-reader.cc:260) Expected 77942 bytes in RIFF chunk, but after first data block there will be 36 + 76800 bytes (we do not support reading multiple data chunks).
WARNING (wav-to-duration[5.5.1076~1-1b07b5]:Read():wave-reader.cc:260) Expected 61558 bytes in RIFF chunk, but after first data block there will be 36 + 60416 bytes (we do not support reading multiple data chunks).
WARNING (wav-to-duration[5.5.1076~1-1b07b5]:Read():wave-reader.cc:260) Expected 71798 bytes in RIFF chunk, but after first data block there will be 36 + 70656 bytes (we do not support reading multiple data chunks).
WARNING (wav-to-duration[5.5.1076~1-1b07b5]:Read():wave-reader.cc:260) Expected 64630 bytes in RIFF chunk, but after first data block there will be 36 + 63488 bytes (we do not support reading multiple data chunks).
WARNING (wav-to-duration[5.5.1076~1-1b07b5]:Read():wave-reader.cc:260) Expected 69750 bytes in RIFF chunk, but after first data block there will be 36 + 68608 bytes (we do not support reading multiple data chunks).
WARNING (wav-to-duration[5.5.1076~1-1b07b5]:Read():wave-reader.cc:260) Expected 83062 bytes in RIFF chunk, but after first data block there will be 36 + 81920 bytes (we do not support reading multiple data chunks).
WARNING (wav-to-duration[5.5.1076~1-1b07b5]:Read():wave-reader.cc:260) Expected 58486 bytes in RIFF chunk, but after first data block there will be 36 + 57344 bytes (we do not support reading multiple data chunks).
WARNING (wav-to-duration[5.5.1076~1-1b07b5]:Read():wave-reader.cc:260) Expected 151670 bytes in RIFF chunk, but after first data block there will be 36 + 150528 bytes (we do not support reading multiple data chunks).
WARNING (wav-to-duration[5.5.1076~1-1b07b5]:Read():wave-reader.cc:260) Expected 115830 bytes in RIFF chunk, but after first data block there will be 36 + 114688 bytes (we do not support reading multiple data chunks).
WARNING (wav-to-duration[5.5.1076~1-1b07b5]:Read():wave-reader.cc:260) Expected 101494 bytes in RIFF chunk, but after first data block there will be 36 + 100352 bytes (we do not support reading multiple data chunks).
WARNING (wav-to-duration[5.5.1076~1-1b07b5]:Read():wave-reader.cc:260) Expected 116854 bytes in RIFF chunk, but after first data block there will be 36 + 115712 bytes (we do not support reading multiple data chunks).
WARNING (wav-to-duration[5.5.1076~1-1b07b5]:Read():wave-reader.cc:260) Expected 140406 bytes in RIFF chunk, but after first data block there will be 36 + 139264 bytes (we do not support reading multiple data chunks).
WARNING (wav-to-duration[5.5.1076~1-1b07b5]:Read():wave-reader.cc:260) Expected 78966 bytes in RIFF chunk, but after first data block there will be 36 + 77824 bytes (we do not support reading multiple data chunks).
WARNING (wav-to-duration[5.5.1076~1-1b07b5]:Read():wave-reader.cc:260) Expected 68726 bytes in RIFF chunk, but after first data block there will be 36 + 67584 bytes (we do not support reading multiple data chunks).
LOG (wav-to-duration[5.5.1076~1-1b07b5]:main():wav-to-duration.cc:92) Printed duration for 63 audio files.
LOG (wav-to-duration[5.5.1076~1-1b07b5]:main():wav-to-duration.cc:94) Mean duration was 1.76914, min and max durations were 0.348299, 4.64399
# Accounting: time=0 threads=1
# Ended (code 0) at Thu Nov  2 10:17:29 IST 2023, elapsed time 0 seconds
