# compute-mfcc-feats --write-utt2dur=ark,t:exp/make_mfcc_16k/utt2dur.2 --verbose=2 --config=conf/mfcc.conf scp,p:exp/make_mfcc_16k/wav_train_mfcc_16k.2.scp ark:- | copy-feats --write-num-frames=ark,t:exp/make_mfcc_16k/utt2num_frames.2 --compress=true ark:- ark,scp:/home/ananth/espnet/egs/Dysarthric_S2S/mfcc/raw_mfcc_train_mfcc_16k.2.ark,/home/ananth/espnet/egs/Dysarthric_S2S/mfcc/raw_mfcc_train_mfcc_16k.2.scp 
# Started at Thu Nov  2 10:17:30 IST 2023
#
compute-mfcc-feats --write-utt2dur=ark,t:exp/make_mfcc_16k/utt2dur.2 --verbose=2 --config=conf/mfcc.conf scp,p:exp/make_mfcc_16k/wav_train_mfcc_16k.2.scp ark:- 
copy-feats --write-num-frames=ark,t:exp/make_mfcc_16k/utt2num_frames.2 --compress=true ark:- ark,scp:/home/ananth/espnet/egs/Dysarthric_S2S/mfcc/raw_mfcc_train_mfcc_16k.2.ark,/home/ananth/espnet/egs/Dysarthric_S2S/mfcc/raw_mfcc_train_mfcc_16k.2.scp 
VLOG[2] (compute-mfcc-feats[5.5.1076~1-1b07b5]:main():compute-mfcc-feats.cc:182) Processed features for key 184
VLOG[2] (compute-mfcc-feats[5.5.1076~1-1b07b5]:main():compute-mfcc-feats.cc:182) Processed features for key 185
VLOG[2] (compute-mfcc-feats[5.5.1076~1-1b07b5]:main():compute-mfcc-feats.cc:182) Processed features for key 186
VLOG[2] (compute-mfcc-feats[5.5.1076~1-1b07b5]:main():compute-mfcc-feats.cc:182) Processed features for key 187
/usr/bin/sox WARN rate: rate clipped 1 samples; decrease volume?
/usr/bin/sox WARN dither: dither clipped 1 samples; decrease volume?
VLOG[2] (compute-mfcc-feats[5.5.1076~1-1b07b5]:main():compute-mfcc-feats.cc:182) Processed features for key 188
VLOG[2] (compute-mfcc-feats[5.5.1076~1-1b07b5]:main():compute-mfcc-feats.cc:182) Processed features for key 189
/usr/bin/sox WARN rate: rate clipped 1 samples; decrease volume?
VLOG[2] (compute-mfcc-feats[5.5.1076~1-1b07b5]:main():compute-mfcc-feats.cc:182) Processed features for key 190
VLOG[2] (compute-mfcc-feats[5.5.1076~1-1b07b5]:main():compute-mfcc-feats.cc:182) Processed features for key 191
VLOG[2] (compute-mfcc-feats[5.5.1076~1-1b07b5]:main():compute-mfcc-feats.cc:182) Processed features for key 192
LOG (compute-mfcc-feats[5.5.1076~1-1b07b5]:main():compute-mfcc-feats.cc:181) Processed 10 utterances
VLOG[2] (compute-mfcc-feats[5.5.1076~1-1b07b5]:main():compute-mfcc-feats.cc:182) Processed features for key 193
VLOG[2] (compute-mfcc-feats[5.5.1076~1-1b07b5]:main():compute-mfcc-feats.cc:182) Processed features for key 194
VLOG[2] (compute-mfcc-feats[5.5.1076~1-1b07b5]:main():compute-mfcc-feats.cc:182) Processed features for key 195
VLOG[2] (compute-mfcc-feats[5.5.1076~1-1b07b5]:main():compute-mfcc-feats.cc:182) Processed features for key 196
/usr/bin/sox WARN rate: rate clipped 1 samples; decrease volume?
/usr/bin/sox WARN dither: dither clipped 1 samples; decrease volume?
VLOG[2] (compute-mfcc-feats[5.5.1076~1-1b07b5]:main():compute-mfcc-feats.cc:182) Processed features for key 197
VLOG[2] (compute-mfcc-feats[5.5.1076~1-1b07b5]:main():compute-mfcc-feats.cc:182) Processed features for key 198
VLOG[2] (compute-mfcc-feats[5.5.1076~1-1b07b5]:main():compute-mfcc-feats.cc:182) Processed features for key 199
/usr/bin/sox WARN rate: rate clipped 1 samples; decrease volume?
/usr/bin/sox WARN dither: dither clipped 1 samples; decrease volume?
VLOG[2] (compute-mfcc-feats[5.5.1076~1-1b07b5]:main():compute-mfcc-feats.cc:182) Processed features for key 200
VLOG[2] (compute-mfcc-feats[5.5.1076~1-1b07b5]:main():compute-mfcc-feats.cc:182) Processed features for key 201
VLOG[2] (compute-mfcc-feats[5.5.1076~1-1b07b5]:main():compute-mfcc-feats.cc:182) Processed features for key 202
/usr/bin/sox WARN rate: rate clipped 1 samples; decrease volume?
/usr/bin/sox WARN dither: dither clipped 1 samples; decrease volume?
LOG (compute-mfcc-feats[5.5.1076~1-1b07b5]:main():compute-mfcc-feats.cc:181) Processed 20 utterances
VLOG[2] (compute-mfcc-feats[5.5.1076~1-1b07b5]:main():compute-mfcc-feats.cc:182) Processed features for key 203
/usr/bin/sox WARN rate: rate clipped 1 samples; decrease volume?
/usr/bin/sox WARN dither: dither clipped 1 samples; decrease volume?
VLOG[2] (compute-mfcc-feats[5.5.1076~1-1b07b5]:main():compute-mfcc-feats.cc:182) Processed features for key 204
/usr/bin/sox WARN rate: rate clipped 1 samples; decrease volume?
/usr/bin/sox WARN dither: dither clipped 1 samples; decrease volume?
VLOG[2] (compute-mfcc-feats[5.5.1076~1-1b07b5]:main():compute-mfcc-feats.cc:182) Processed features for key 205
VLOG[2] (compute-mfcc-feats[5.5.1076~1-1b07b5]:main():compute-mfcc-feats.cc:182) Processed features for key 206
VLOG[2] (compute-mfcc-feats[5.5.1076~1-1b07b5]:main():compute-mfcc-feats.cc:182) Processed features for key 207
VLOG[2] (compute-mfcc-feats[5.5.1076~1-1b07b5]:main():compute-mfcc-feats.cc:182) Processed features for key 208
/usr/bin/sox WARN rate: rate clipped 1 samples; decrease volume?
VLOG[2] (compute-mfcc-feats[5.5.1076~1-1b07b5]:main():compute-mfcc-feats.cc:182) Processed features for key 209
VLOG[2] (compute-mfcc-feats[5.5.1076~1-1b07b5]:main():compute-mfcc-feats.cc:182) Processed features for key 210
/usr/bin/sox WARN rate: rate clipped 1 samples; decrease volume?
/usr/bin/sox WARN dither: dither clipped 1 samples; decrease volume?
VLOG[2] (compute-mfcc-feats[5.5.1076~1-1b07b5]:main():compute-mfcc-feats.cc:182) Processed features for key 211
/usr/bin/sox WARN rate: rate clipped 1 samples; decrease volume?
/usr/bin/sox WARN dither: dither clipped 1 samples; decrease volume?
VLOG[2] (compute-mfcc-feats[5.5.1076~1-1b07b5]:main():compute-mfcc-feats.cc:182) Processed features for key 212
/usr/bin/sox WARN rate: rate clipped 1 samples; decrease volume?
/usr/bin/sox WARN dither: dither clipped 1 samples; decrease volume?
LOG (compute-mfcc-feats[5.5.1076~1-1b07b5]:main():compute-mfcc-feats.cc:181) Processed 30 utterances
VLOG[2] (compute-mfcc-feats[5.5.1076~1-1b07b5]:main():compute-mfcc-feats.cc:182) Processed features for key 213
VLOG[2] (compute-mfcc-feats[5.5.1076~1-1b07b5]:main():compute-mfcc-feats.cc:182) Processed features for key 214
/usr/bin/sox WARN rate: rate clipped 1 samples; decrease volume?
/usr/bin/sox WARN dither: dither clipped 1 samples; decrease volume?
VLOG[2] (compute-mfcc-feats[5.5.1076~1-1b07b5]:main():compute-mfcc-feats.cc:182) Processed features for key 215
/usr/bin/sox WARN rate: rate clipped 1 samples; decrease volume?
/usr/bin/sox WARN dither: dither clipped 1 samples; decrease volume?
VLOG[2] (compute-mfcc-feats[5.5.1076~1-1b07b5]:main():compute-mfcc-feats.cc:182) Processed features for key 216
VLOG[2] (compute-mfcc-feats[5.5.1076~1-1b07b5]:main():compute-mfcc-feats.cc:182) Processed features for key 217
/usr/bin/sox WARN rate: rate clipped 1 samples; decrease volume?
VLOG[2] (compute-mfcc-feats[5.5.1076~1-1b07b5]:main():compute-mfcc-feats.cc:182) Processed features for key 218
VLOG[2] (compute-mfcc-feats[5.5.1076~1-1b07b5]:main():compute-mfcc-feats.cc:182) Processed features for key 219
VLOG[2] (compute-mfcc-feats[5.5.1076~1-1b07b5]:main():compute-mfcc-feats.cc:182) Processed features for key 220
/usr/bin/sox WARN rate: rate clipped 1 samples; decrease volume?
VLOG[2] (compute-mfcc-feats[5.5.1076~1-1b07b5]:main():compute-mfcc-feats.cc:182) Processed features for key 221
/usr/bin/sox WARN rate: rate clipped 1 samples; decrease volume?
/usr/bin/sox WARN dither: dither clipped 1 samples; decrease volume?
VLOG[2] (compute-mfcc-feats[5.5.1076~1-1b07b5]:main():compute-mfcc-feats.cc:182) Processed features for key 222
LOG (compute-mfcc-feats[5.5.1076~1-1b07b5]:main():compute-mfcc-feats.cc:181) Processed 40 utterances
VLOG[2] (compute-mfcc-feats[5.5.1076~1-1b07b5]:main():compute-mfcc-feats.cc:182) Processed features for key 223
VLOG[2] (compute-mfcc-feats[5.5.1076~1-1b07b5]:main():compute-mfcc-feats.cc:182) Processed features for key 224
/usr/bin/sox WARN rate: rate clipped 1 samples; decrease volume?
/usr/bin/sox WARN dither: dither clipped 1 samples; decrease volume?
VLOG[2] (compute-mfcc-feats[5.5.1076~1-1b07b5]:main():compute-mfcc-feats.cc:182) Processed features for key 225
VLOG[2] (compute-mfcc-feats[5.5.1076~1-1b07b5]:main():compute-mfcc-feats.cc:182) Processed features for key 226
/usr/bin/sox WARN rate: rate clipped 2 samples; decrease volume?
/usr/bin/sox WARN dither: dither clipped 2 samples; decrease volume?
VLOG[2] (compute-mfcc-feats[5.5.1076~1-1b07b5]:main():compute-mfcc-feats.cc:182) Processed features for key 227
VLOG[2] (compute-mfcc-feats[5.5.1076~1-1b07b5]:main():compute-mfcc-feats.cc:182) Processed features for key 228
/usr/bin/sox WARN rate: rate clipped 1 samples; decrease volume?
/usr/bin/sox WARN dither: dither clipped 1 samples; decrease volume?
VLOG[2] (compute-mfcc-feats[5.5.1076~1-1b07b5]:main():compute-mfcc-feats.cc:182) Processed features for key 229
VLOG[2] (compute-mfcc-feats[5.5.1076~1-1b07b5]:main():compute-mfcc-feats.cc:182) Processed features for key 230
VLOG[2] (compute-mfcc-feats[5.5.1076~1-1b07b5]:main():compute-mfcc-feats.cc:182) Processed features for key 231
VLOG[2] (compute-mfcc-feats[5.5.1076~1-1b07b5]:main():compute-mfcc-feats.cc:182) Processed features for key 232
LOG (compute-mfcc-feats[5.5.1076~1-1b07b5]:main():compute-mfcc-feats.cc:181) Processed 50 utterances
VLOG[2] (compute-mfcc-feats[5.5.1076~1-1b07b5]:main():compute-mfcc-feats.cc:182) Processed features for key 233
VLOG[2] (compute-mfcc-feats[5.5.1076~1-1b07b5]:main():compute-mfcc-feats.cc:182) Processed features for key 234
VLOG[2] (compute-mfcc-feats[5.5.1076~1-1b07b5]:main():compute-mfcc-feats.cc:182) Processed features for key 235
VLOG[2] (compute-mfcc-feats[5.5.1076~1-1b07b5]:main():compute-mfcc-feats.cc:182) Processed features for key 236
VLOG[2] (compute-mfcc-feats[5.5.1076~1-1b07b5]:main():compute-mfcc-feats.cc:182) Processed features for key 237
VLOG[2] (compute-mfcc-feats[5.5.1076~1-1b07b5]:main():compute-mfcc-feats.cc:182) Processed features for key 238
/usr/bin/sox WARN rate: rate clipped 1 samples; decrease volume?
/usr/bin/sox WARN dither: dither clipped 1 samples; decrease volume?
VLOG[2] (compute-mfcc-feats[5.5.1076~1-1b07b5]:main():compute-mfcc-feats.cc:182) Processed features for key 239
VLOG[2] (compute-mfcc-feats[5.5.1076~1-1b07b5]:main():compute-mfcc-feats.cc:182) Processed features for key 240
/usr/bin/sox WARN rate: rate clipped 1 samples; decrease volume?
/usr/bin/sox WARN dither: dither clipped 1 samples; decrease volume?
VLOG[2] (compute-mfcc-feats[5.5.1076~1-1b07b5]:main():compute-mfcc-feats.cc:182) Processed features for key 241
/usr/bin/sox WARN rate: rate clipped 1 samples; decrease volume?
/usr/bin/sox WARN dither: dither clipped 1 samples; decrease volume?
VLOG[2] (compute-mfcc-feats[5.5.1076~1-1b07b5]:main():compute-mfcc-feats.cc:182) Processed features for key 242
LOG (compute-mfcc-feats[5.5.1076~1-1b07b5]:main():compute-mfcc-feats.cc:181) Processed 60 utterances
VLOG[2] (compute-mfcc-feats[5.5.1076~1-1b07b5]:main():compute-mfcc-feats.cc:182) Processed features for key 243
/usr/bin/sox WARN rate: rate clipped 2 samples; decrease volume?
/usr/bin/sox WARN dither: dither clipped 2 samples; decrease volume?
VLOG[2] (compute-mfcc-feats[5.5.1076~1-1b07b5]:main():compute-mfcc-feats.cc:182) Processed features for key 244
/usr/bin/sox WARN rate: rate clipped 1 samples; decrease volume?
/usr/bin/sox WARN dither: dither clipped 1 samples; decrease volume?
VLOG[2] (compute-mfcc-feats[5.5.1076~1-1b07b5]:main():compute-mfcc-feats.cc:182) Processed features for key 245
/usr/bin/sox WARN rate: rate clipped 2 samples; decrease volume?
/usr/bin/sox WARN dither: dither clipped 2 samples; decrease volume?
VLOG[2] (compute-mfcc-feats[5.5.1076~1-1b07b5]:main():compute-mfcc-feats.cc:182) Processed features for key 246
VLOG[2] (compute-mfcc-feats[5.5.1076~1-1b07b5]:main():compute-mfcc-feats.cc:182) Processed features for key 247
/usr/bin/sox WARN rate: rate clipped 1 samples; decrease volume?
VLOG[2] (compute-mfcc-feats[5.5.1076~1-1b07b5]:main():compute-mfcc-feats.cc:182) Processed features for key 248
/usr/bin/sox WARN rate: rate clipped 1 samples; decrease volume?
/usr/bin/sox WARN dither: dither clipped 1 samples; decrease volume?
VLOG[2] (compute-mfcc-feats[5.5.1076~1-1b07b5]:main():compute-mfcc-feats.cc:182) Processed features for key 249
/usr/bin/sox WARN rate: rate clipped 1 samples; decrease volume?
/usr/bin/sox WARN dither: dither clipped 1 samples; decrease volume?
VLOG[2] (compute-mfcc-feats[5.5.1076~1-1b07b5]:main():compute-mfcc-feats.cc:182) Processed features for key 250
/usr/bin/sox WARN rate: rate clipped 1 samples; decrease volume?
/usr/bin/sox WARN dither: dither clipped 1 samples; decrease volume?
VLOG[2] (compute-mfcc-feats[5.5.1076~1-1b07b5]:main():compute-mfcc-feats.cc:182) Processed features for key 251
/usr/bin/sox WARN rate: rate clipped 1 samples; decrease volume?
/usr/bin/sox WARN dither: dither clipped 1 samples; decrease volume?
VLOG[2] (compute-mfcc-feats[5.5.1076~1-1b07b5]:main():compute-mfcc-feats.cc:182) Processed features for key 252
LOG (compute-mfcc-feats[5.5.1076~1-1b07b5]:main():compute-mfcc-feats.cc:181) Processed 70 utterances
VLOG[2] (compute-mfcc-feats[5.5.1076~1-1b07b5]:main():compute-mfcc-feats.cc:182) Processed features for key 253
/usr/bin/sox WARN rate: rate clipped 1 samples; decrease volume?
/usr/bin/sox WARN dither: dither clipped 1 samples; decrease volume?
VLOG[2] (compute-mfcc-feats[5.5.1076~1-1b07b5]:main():compute-mfcc-feats.cc:182) Processed features for key 254
VLOG[2] (compute-mfcc-feats[5.5.1076~1-1b07b5]:main():compute-mfcc-feats.cc:182) Processed features for key 255
VLOG[2] (compute-mfcc-feats[5.5.1076~1-1b07b5]:main():compute-mfcc-feats.cc:182) Processed features for key 256
VLOG[2] (compute-mfcc-feats[5.5.1076~1-1b07b5]:main():compute-mfcc-feats.cc:182) Processed features for key 257
/usr/bin/sox WARN rate: rate clipped 1 samples; decrease volume?
/usr/bin/sox WARN dither: dither clipped 1 samples; decrease volume?
VLOG[2] (compute-mfcc-feats[5.5.1076~1-1b07b5]:main():compute-mfcc-feats.cc:182) Processed features for key 258
VLOG[2] (compute-mfcc-feats[5.5.1076~1-1b07b5]:main():compute-mfcc-feats.cc:182) Processed features for key 259
/usr/bin/sox WARN rate: rate clipped 1 samples; decrease volume?
/usr/bin/sox WARN dither: dither clipped 1 samples; decrease volume?
VLOG[2] (compute-mfcc-feats[5.5.1076~1-1b07b5]:main():compute-mfcc-feats.cc:182) Processed features for key 260
VLOG[2] (compute-mfcc-feats[5.5.1076~1-1b07b5]:main():compute-mfcc-feats.cc:182) Processed features for key 261
VLOG[2] (compute-mfcc-feats[5.5.1076~1-1b07b5]:main():compute-mfcc-feats.cc:182) Processed features for key 262
/usr/bin/sox WARN rate: rate clipped 2 samples; decrease volume?
/usr/bin/sox WARN dither: dither clipped 1 samples; decrease volume?
LOG (compute-mfcc-feats[5.5.1076~1-1b07b5]:main():compute-mfcc-feats.cc:181) Processed 80 utterances
VLOG[2] (compute-mfcc-feats[5.5.1076~1-1b07b5]:main():compute-mfcc-feats.cc:182) Processed features for key 263
/usr/bin/sox WARN rate: rate clipped 1 samples; decrease volume?
/usr/bin/sox WARN dither: dither clipped 1 samples; decrease volume?
VLOG[2] (compute-mfcc-feats[5.5.1076~1-1b07b5]:main():compute-mfcc-feats.cc:182) Processed features for key 264
/usr/bin/sox WARN rate: rate clipped 2 samples; decrease volume?
/usr/bin/sox WARN dither: dither clipped 2 samples; decrease volume?
VLOG[2] (compute-mfcc-feats[5.5.1076~1-1b07b5]:main():compute-mfcc-feats.cc:182) Processed features for key 265
/usr/bin/sox WARN rate: rate clipped 1 samples; decrease volume?
/usr/bin/sox WARN dither: dither clipped 1 samples; decrease volume?
VLOG[2] (compute-mfcc-feats[5.5.1076~1-1b07b5]:main():compute-mfcc-feats.cc:182) Processed features for key 266
/usr/bin/sox WARN rate: rate clipped 1 samples; decrease volume?
/usr/bin/sox WARN dither: dither clipped 1 samples; decrease volume?
VLOG[2] (compute-mfcc-feats[5.5.1076~1-1b07b5]:main():compute-mfcc-feats.cc:182) Processed features for key 267
/usr/bin/sox WARN rate: rate clipped 1 samples; decrease volume?
/usr/bin/sox WARN dither: dither clipped 1 samples; decrease volume?
VLOG[2] (compute-mfcc-feats[5.5.1076~1-1b07b5]:main():compute-mfcc-feats.cc:182) Processed features for key 268
VLOG[2] (compute-mfcc-feats[5.5.1076~1-1b07b5]:main():compute-mfcc-feats.cc:182) Processed features for key 269
/usr/bin/sox WARN rate: rate clipped 1 samples; decrease volume?
/usr/bin/sox WARN dither: dither clipped 1 samples; decrease volume?
VLOG[2] (compute-mfcc-feats[5.5.1076~1-1b07b5]:main():compute-mfcc-feats.cc:182) Processed features for key 270
/usr/bin/sox WARN rate: rate clipped 1 samples; decrease volume?
/usr/bin/sox WARN dither: dither clipped 1 samples; decrease volume?
VLOG[2] (compute-mfcc-feats[5.5.1076~1-1b07b5]:main():compute-mfcc-feats.cc:182) Processed features for key 271
VLOG[2] (compute-mfcc-feats[5.5.1076~1-1b07b5]:main():compute-mfcc-feats.cc:182) Processed features for key 272
/usr/bin/sox WARN rate: rate clipped 1 samples; decrease volume?
LOG (compute-mfcc-feats[5.5.1076~1-1b07b5]:main():compute-mfcc-feats.cc:181) Processed 90 utterances
VLOG[2] (compute-mfcc-feats[5.5.1076~1-1b07b5]:main():compute-mfcc-feats.cc:182) Processed features for key 273
VLOG[2] (compute-mfcc-feats[5.5.1076~1-1b07b5]:main():compute-mfcc-feats.cc:182) Processed features for key 274
/usr/bin/sox WARN rate: rate clipped 1 samples; decrease volume?
/usr/bin/sox WARN dither: dither clipped 1 samples; decrease volume?
VLOG[2] (compute-mfcc-feats[5.5.1076~1-1b07b5]:main():compute-mfcc-feats.cc:182) Processed features for key 275
/usr/bin/sox WARN rate: rate clipped 1 samples; decrease volume?
/usr/bin/sox WARN dither: dither clipped 1 samples; decrease volume?
VLOG[2] (compute-mfcc-feats[5.5.1076~1-1b07b5]:main():compute-mfcc-feats.cc:182) Processed features for key 276
VLOG[2] (compute-mfcc-feats[5.5.1076~1-1b07b5]:main():compute-mfcc-feats.cc:182) Processed features for key 277
/usr/bin/sox WARN rate: rate clipped 1 samples; decrease volume?
/usr/bin/sox WARN dither: dither clipped 1 samples; decrease volume?
VLOG[2] (compute-mfcc-feats[5.5.1076~1-1b07b5]:main():compute-mfcc-feats.cc:182) Processed features for key 278
VLOG[2] (compute-mfcc-feats[5.5.1076~1-1b07b5]:main():compute-mfcc-feats.cc:182) Processed features for key 279
VLOG[2] (compute-mfcc-feats[5.5.1076~1-1b07b5]:main():compute-mfcc-feats.cc:182) Processed features for key 280
/usr/bin/sox WARN rate: rate clipped 1 samples; decrease volume?
/usr/bin/sox WARN dither: dither clipped 1 samples; decrease volume?
VLOG[2] (compute-mfcc-feats[5.5.1076~1-1b07b5]:main():compute-mfcc-feats.cc:182) Processed features for key 281
VLOG[2] (compute-mfcc-feats[5.5.1076~1-1b07b5]:main():compute-mfcc-feats.cc:182) Processed features for key 282
LOG (compute-mfcc-feats[5.5.1076~1-1b07b5]:main():compute-mfcc-feats.cc:181) Processed 100 utterances
VLOG[2] (compute-mfcc-feats[5.5.1076~1-1b07b5]:main():compute-mfcc-feats.cc:182) Processed features for key 283
VLOG[2] (compute-mfcc-feats[5.5.1076~1-1b07b5]:main():compute-mfcc-feats.cc:182) Processed features for key 284
/usr/bin/sox WARN rate: rate clipped 1 samples; decrease volume?
/usr/bin/sox WARN dither: dither clipped 1 samples; decrease volume?
VLOG[2] (compute-mfcc-feats[5.5.1076~1-1b07b5]:main():compute-mfcc-feats.cc:182) Processed features for key 285
VLOG[2] (compute-mfcc-feats[5.5.1076~1-1b07b5]:main():compute-mfcc-feats.cc:182) Processed features for key 286
/usr/bin/sox WARN rate: rate clipped 1 samples; decrease volume?
/usr/bin/sox WARN dither: dither clipped 1 samples; decrease volume?
VLOG[2] (compute-mfcc-feats[5.5.1076~1-1b07b5]:main():compute-mfcc-feats.cc:182) Processed features for key 287
/usr/bin/sox WARN rate: rate clipped 1 samples; decrease volume?
VLOG[2] (compute-mfcc-feats[5.5.1076~1-1b07b5]:main():compute-mfcc-feats.cc:182) Processed features for key 288
VLOG[2] (compute-mfcc-feats[5.5.1076~1-1b07b5]:main():compute-mfcc-feats.cc:182) Processed features for key 289
/usr/bin/sox WARN rate: rate clipped 1 samples; decrease volume?
/usr/bin/sox WARN dither: dither clipped 1 samples; decrease volume?
VLOG[2] (compute-mfcc-feats[5.5.1076~1-1b07b5]:main():compute-mfcc-feats.cc:182) Processed features for key 290
VLOG[2] (compute-mfcc-feats[5.5.1076~1-1b07b5]:main():compute-mfcc-feats.cc:182) Processed features for key 291
/usr/bin/sox WARN rate: rate clipped 1 samples; decrease volume?
/usr/bin/sox WARN dither: dither clipped 1 samples; decrease volume?
VLOG[2] (compute-mfcc-feats[5.5.1076~1-1b07b5]:main():compute-mfcc-feats.cc:182) Processed features for key 292
/usr/bin/sox WARN rate: rate clipped 1 samples; decrease volume?
/usr/bin/sox WARN dither: dither clipped 1 samples; decrease volume?
LOG (compute-mfcc-feats[5.5.1076~1-1b07b5]:main():compute-mfcc-feats.cc:181) Processed 110 utterances
VLOG[2] (compute-mfcc-feats[5.5.1076~1-1b07b5]:main():compute-mfcc-feats.cc:182) Processed features for key 293
/usr/bin/sox WARN rate: rate clipped 1 samples; decrease volume?
/usr/bin/sox WARN dither: dither clipped 1 samples; decrease volume?
VLOG[2] (compute-mfcc-feats[5.5.1076~1-1b07b5]:main():compute-mfcc-feats.cc:182) Processed features for key 294
/usr/bin/sox WARN rate: rate clipped 1 samples; decrease volume?
/usr/bin/sox WARN dither: dither clipped 1 samples; decrease volume?
VLOG[2] (compute-mfcc-feats[5.5.1076~1-1b07b5]:main():compute-mfcc-feats.cc:182) Processed features for key 295
VLOG[2] (compute-mfcc-feats[5.5.1076~1-1b07b5]:main():compute-mfcc-feats.cc:182) Processed features for key 296
/usr/bin/sox WARN rate: rate clipped 1 samples; decrease volume?
/usr/bin/sox WARN dither: dither clipped 1 samples; decrease volume?
VLOG[2] (compute-mfcc-feats[5.5.1076~1-1b07b5]:main():compute-mfcc-feats.cc:182) Processed features for key 297
/usr/bin/sox WARN rate: rate clipped 1 samples; decrease volume?
/usr/bin/sox WARN dither: dither clipped 1 samples; decrease volume?
VLOG[2] (compute-mfcc-feats[5.5.1076~1-1b07b5]:main():compute-mfcc-feats.cc:182) Processed features for key 298
/usr/bin/sox WARN rate: rate clipped 2 samples; decrease volume?
/usr/bin/sox WARN dither: dither clipped 2 samples; decrease volume?
VLOG[2] (compute-mfcc-feats[5.5.1076~1-1b07b5]:main():compute-mfcc-feats.cc:182) Processed features for key 299
VLOG[2] (compute-mfcc-feats[5.5.1076~1-1b07b5]:main():compute-mfcc-feats.cc:182) Processed features for key 300
VLOG[2] (compute-mfcc-feats[5.5.1076~1-1b07b5]:main():compute-mfcc-feats.cc:182) Processed features for key 301
VLOG[2] (compute-mfcc-feats[5.5.1076~1-1b07b5]:main():compute-mfcc-feats.cc:182) Processed features for key 302
/usr/bin/sox WARN rate: rate clipped 1 samples; decrease volume?
/usr/bin/sox WARN dither: dither clipped 1 samples; decrease volume?
LOG (compute-mfcc-feats[5.5.1076~1-1b07b5]:main():compute-mfcc-feats.cc:181) Processed 120 utterances
VLOG[2] (compute-mfcc-feats[5.5.1076~1-1b07b5]:main():compute-mfcc-feats.cc:182) Processed features for key 303
/usr/bin/sox WARN rate: rate clipped 2 samples; decrease volume?
/usr/bin/sox WARN dither: dither clipped 2 samples; decrease volume?
VLOG[2] (compute-mfcc-feats[5.5.1076~1-1b07b5]:main():compute-mfcc-feats.cc:182) Processed features for key 304
/usr/bin/sox WARN rate: rate clipped 2 samples; decrease volume?
/usr/bin/sox WARN dither: dither clipped 2 samples; decrease volume?
VLOG[2] (compute-mfcc-feats[5.5.1076~1-1b07b5]:main():compute-mfcc-feats.cc:182) Processed features for key 305
/usr/bin/sox WARN rate: rate clipped 2 samples; decrease volume?
/usr/bin/sox WARN dither: dither clipped 1 samples; decrease volume?
VLOG[2] (compute-mfcc-feats[5.5.1076~1-1b07b5]:main():compute-mfcc-feats.cc:182) Processed features for key 306
/usr/bin/sox WARN rate: rate clipped 1 samples; decrease volume?
/usr/bin/sox WARN dither: dither clipped 1 samples; decrease volume?
VLOG[2] (compute-mfcc-feats[5.5.1076~1-1b07b5]:main():compute-mfcc-feats.cc:182) Processed features for key 307
/usr/bin/sox WARN rate: rate clipped 1 samples; decrease volume?
/usr/bin/sox WARN dither: dither clipped 1 samples; decrease volume?
VLOG[2] (compute-mfcc-feats[5.5.1076~1-1b07b5]:main():compute-mfcc-feats.cc:182) Processed features for key 308
VLOG[2] (compute-mfcc-feats[5.5.1076~1-1b07b5]:main():compute-mfcc-feats.cc:182) Processed features for key 309
VLOG[2] (compute-mfcc-feats[5.5.1076~1-1b07b5]:main():compute-mfcc-feats.cc:182) Processed features for key 310
LOG (compute-mfcc-feats[5.5.1076~1-1b07b5]:main():compute-mfcc-feats.cc:185)  Done 127 out of 127 utterances.
LOG (copy-feats[5.5.1076~1-1b07b5]:main():copy-feats.cc:143) Copied 127 feature matrices.
# Accounting: time=1 threads=1
# Ended (code 0) at Thu Nov  2 10:17:31 IST 2023, elapsed time 1 seconds
