# tts_train.py --backend pytorch --ngpu 0 --outdir exp/train_pytorch_train_pytorch_tacotron2+spkemb/results --tensorboard-dir tensorboard/train_pytorch_train_pytorch_tacotron2+spkemb --verbose 1 --seed 1 --resume --train-json dump/train/data.json --valid-json dump/dev/data.json --config conf/train_pytorch_tacotron2+spkemb.yaml 
# Started at Thu Nov  2 13:51:14 IST 2023
#
2023-11-02 13:51:30,996 (tts_train:343) INFO: ngpu: 0
2023-11-02 13:51:30,996 (tts_train:346) INFO: random seed = 1
2023-11-02 13:51:31,397 (deterministic_utils:26) INFO: torch type check is disabled
2023-11-02 13:51:31,397 (tts:260) WARNING: cuda is not available
2023-11-02 13:51:31,441 (tts:270) INFO: #input dims : 27
2023-11-02 13:51:31,441 (tts:271) INFO: #output dims: 80
2023-11-02 13:51:31,460 (tts:288) INFO: writing a model config file toexp/train_pytorch_train_pytorch_tacotron2+spkemb/results/model.json
2023-11-02 13:51:31,461 (tts:295) INFO: ARGS: accum_grad: 1
2023-11-02 13:51:31,461 (tts:295) INFO: ARGS: aconv_chans: 32
2023-11-02 13:51:31,461 (tts:295) INFO: ARGS: aconv_filts: 15
2023-11-02 13:51:31,461 (tts:295) INFO: ARGS: adim: 128
2023-11-02 13:51:31,461 (tts:295) INFO: ARGS: atype: location
2023-11-02 13:51:31,461 (tts:295) INFO: ARGS: backend: pytorch
2023-11-02 13:51:31,461 (tts:295) INFO: ARGS: batch_bins: 0
2023-11-02 13:51:31,462 (tts:295) INFO: ARGS: batch_count: auto
2023-11-02 13:51:31,462 (tts:295) INFO: ARGS: batch_frames_in: 0
2023-11-02 13:51:31,462 (tts:295) INFO: ARGS: batch_frames_inout: 0
2023-11-02 13:51:31,462 (tts:295) INFO: ARGS: batch_frames_out: 0
2023-11-02 13:51:31,462 (tts:295) INFO: ARGS: batch_size: 128
2023-11-02 13:51:31,462 (tts:295) INFO: ARGS: batch_sort_key: output
2023-11-02 13:51:31,462 (tts:295) INFO: ARGS: bce_pos_weight: 1.0
2023-11-02 13:51:31,462 (tts:295) INFO: ARGS: cbhg_conv_bank_chans: 128
2023-11-02 13:51:31,462 (tts:295) INFO: ARGS: cbhg_conv_bank_layers: 8
2023-11-02 13:51:31,462 (tts:295) INFO: ARGS: cbhg_conv_proj_chans: 256
2023-11-02 13:51:31,462 (tts:295) INFO: ARGS: cbhg_conv_proj_filts: 3
2023-11-02 13:51:31,462 (tts:295) INFO: ARGS: cbhg_gru_units: 256
2023-11-02 13:51:31,462 (tts:295) INFO: ARGS: cbhg_highway_layers: 4
2023-11-02 13:51:31,462 (tts:295) INFO: ARGS: cbhg_highway_units: 128
2023-11-02 13:51:31,462 (tts:295) INFO: ARGS: config: conf/train_pytorch_tacotron2+spkemb.yaml
2023-11-02 13:51:31,462 (tts:295) INFO: ARGS: config2: None
2023-11-02 13:51:31,462 (tts:295) INFO: ARGS: config3: None
2023-11-02 13:51:31,462 (tts:295) INFO: ARGS: cumulate_att_w: True
2023-11-02 13:51:31,463 (tts:295) INFO: ARGS: debugmode: 1
2023-11-02 13:51:31,463 (tts:295) INFO: ARGS: dec_init: None
2023-11-02 13:51:31,463 (tts:295) INFO: ARGS: dec_init_mods: ['dec.']
2023-11-02 13:51:31,463 (tts:295) INFO: ARGS: dlayers: 1
2023-11-02 13:51:31,463 (tts:295) INFO: ARGS: dropout_rate: 0.5
2023-11-02 13:51:31,463 (tts:295) INFO: ARGS: dunits: 10
2023-11-02 13:51:31,463 (tts:295) INFO: ARGS: early_stop_criterion: validation/main/loss
2023-11-02 13:51:31,463 (tts:295) INFO: ARGS: econv_chans: 10
2023-11-02 13:51:31,463 (tts:295) INFO: ARGS: econv_filts: 5
2023-11-02 13:51:31,463 (tts:295) INFO: ARGS: econv_layers: 1
2023-11-02 13:51:31,463 (tts:295) INFO: ARGS: elayers: 1
2023-11-02 13:51:31,463 (tts:295) INFO: ARGS: embed_dim: 10
2023-11-02 13:51:31,463 (tts:295) INFO: ARGS: enc_init: None
2023-11-02 13:51:31,463 (tts:295) INFO: ARGS: enc_init_mods: ['enc.']
2023-11-02 13:51:31,463 (tts:295) INFO: ARGS: epochs: 30
2023-11-02 13:51:31,464 (tts:295) INFO: ARGS: eps: 1e-06
2023-11-02 13:51:31,464 (tts:295) INFO: ARGS: eunits: 10
2023-11-02 13:51:31,464 (tts:295) INFO: ARGS: eval_interval_epochs: 1
2023-11-02 13:51:31,464 (tts:295) INFO: ARGS: freeze_mods: None
2023-11-02 13:51:31,464 (tts:295) INFO: ARGS: grad_clip: 1
2023-11-02 13:51:31,464 (tts:295) INFO: ARGS: guided_attn_loss_lambda: 1.0
2023-11-02 13:51:31,464 (tts:295) INFO: ARGS: guided_attn_loss_sigma: 0.4
2023-11-02 13:51:31,464 (tts:295) INFO: ARGS: keep_all_data_on_mem: False
2023-11-02 13:51:31,464 (tts:295) INFO: ARGS: lr: 0.1
2023-11-02 13:51:31,464 (tts:295) INFO: ARGS: maxlen_in: 150
2023-11-02 13:51:31,464 (tts:295) INFO: ARGS: maxlen_out: 400
2023-11-02 13:51:31,464 (tts:295) INFO: ARGS: minibatches: -1
2023-11-02 13:51:31,464 (tts:295) INFO: ARGS: model_module: espnet.nets.pytorch_backend.e2e_tts_tacotron2:Tacotron2
2023-11-02 13:51:31,464 (tts:295) INFO: ARGS: ngpu: 0
2023-11-02 13:51:31,464 (tts:295) INFO: ARGS: num_iter_processes: 0
2023-11-02 13:51:31,464 (tts:295) INFO: ARGS: num_save_attention: 5
2023-11-02 13:51:31,464 (tts:295) INFO: ARGS: opt: adam
2023-11-02 13:51:31,465 (tts:295) INFO: ARGS: outdir: exp/train_pytorch_train_pytorch_tacotron2+spkemb/results
2023-11-02 13:51:31,465 (tts:295) INFO: ARGS: output_activation: None
2023-11-02 13:51:31,465 (tts:295) INFO: ARGS: patience: 0
2023-11-02 13:51:31,465 (tts:295) INFO: ARGS: postnet_chans: 10
2023-11-02 13:51:31,465 (tts:295) INFO: ARGS: postnet_filts: 1
2023-11-02 13:51:31,465 (tts:295) INFO: ARGS: postnet_layers: 1
2023-11-02 13:51:31,465 (tts:295) INFO: ARGS: prenet_layers: 1
2023-11-02 13:51:31,465 (tts:295) INFO: ARGS: prenet_units: 10
2023-11-02 13:51:31,465 (tts:295) INFO: ARGS: preprocess_conf: None
2023-11-02 13:51:31,465 (tts:295) INFO: ARGS: pretrained_model: None
2023-11-02 13:51:31,465 (tts:295) INFO: ARGS: reduction_factor: 2
2023-11-02 13:51:31,465 (tts:295) INFO: ARGS: report_interval_iters: 100
2023-11-02 13:51:31,465 (tts:295) INFO: ARGS: resume: None
2023-11-02 13:51:31,465 (tts:295) INFO: ARGS: save_interval_epochs: 1
2023-11-02 13:51:31,465 (tts:295) INFO: ARGS: seed: 1
2023-11-02 13:51:31,465 (tts:295) INFO: ARGS: sortagrad: 0
2023-11-02 13:51:31,465 (tts:295) INFO: ARGS: spc_dim: None
2023-11-02 13:51:31,465 (tts:295) INFO: ARGS: spk_embed_dim: 512
2023-11-02 13:51:31,465 (tts:295) INFO: ARGS: tensorboard_dir: tensorboard/train_pytorch_train_pytorch_tacotron2+spkemb
2023-11-02 13:51:31,466 (tts:295) INFO: ARGS: train_json: dump/train/data.json
2023-11-02 13:51:31,466 (tts:295) INFO: ARGS: use_batch_norm: True
2023-11-02 13:51:31,466 (tts:295) INFO: ARGS: use_cbhg: False
2023-11-02 13:51:31,466 (tts:295) INFO: ARGS: use_concate: True
2023-11-02 13:51:31,466 (tts:295) INFO: ARGS: use_guided_attn_loss: False
2023-11-02 13:51:31,466 (tts:295) INFO: ARGS: use_masking: True
2023-11-02 13:51:31,466 (tts:295) INFO: ARGS: use_residual: False
2023-11-02 13:51:31,466 (tts:295) INFO: ARGS: use_second_target: False
2023-11-02 13:51:31,466 (tts:295) INFO: ARGS: use_speaker_embedding: True
2023-11-02 13:51:31,466 (tts:295) INFO: ARGS: use_weighted_masking: False
2023-11-02 13:51:31,466 (tts:295) INFO: ARGS: valid_json: dump/dev/data.json
2023-11-02 13:51:31,466 (tts:295) INFO: ARGS: verbose: 1
2023-11-02 13:51:31,466 (tts:295) INFO: ARGS: version: 202310
2023-11-02 13:51:31,466 (tts:295) INFO: ARGS: weight_decay: 0.0
2023-11-02 13:51:31,466 (tts:295) INFO: ARGS: zoneout_rate: 0.1
2023-11-02 13:51:31,764 (tts:304) INFO: Tacotron2(
  (enc): Encoder(
    (embed): Embedding(27, 10, padding_idx=0)
    (convs): ModuleList(
      (0): Sequential(
        (0): Conv1d(10, 10, kernel_size=(5,), stride=(1,), padding=(2,), bias=False)
        (1): BatchNorm1d(10, eps=1e-05, momentum=0.1, affine=True, track_running_stats=True)
        (2): ReLU()
        (3): Dropout(p=0.5, inplace=False)
      )
    )
    (blstm): LSTM(10, 5, batch_first=True, bidirectional=True)
  )
  (dec): Decoder(
    (att): AttLoc(
      (mlp_enc): Linear(in_features=522, out_features=128, bias=True)
      (mlp_dec): Linear(in_features=10, out_features=128, bias=False)
      (mlp_att): Linear(in_features=32, out_features=128, bias=False)
      (loc_conv): Conv2d(1, 32, kernel_size=(1, 31), stride=(1, 1), padding=(0, 15), bias=False)
      (gvec): Linear(in_features=128, out_features=1, bias=True)
    )
    (lstm): ModuleList(
      (0): ZoneOutCell(
        (cell): LSTMCell(532, 10)
      )
    )
    (prenet): Prenet(
      (prenet): ModuleList(
        (0): Sequential(
          (0): Linear(in_features=80, out_features=10, bias=True)
          (1): ReLU()
        )
      )
    )
    (postnet): Postnet(
      (postnet): ModuleList(
        (0): Sequential(
          (0): Conv1d(80, 80, kernel_size=(1,), stride=(1,), bias=False)
          (1): BatchNorm1d(80, eps=1e-05, momentum=0.1, affine=True, track_running_stats=True)
          (2): Dropout(p=0.5, inplace=False)
        )
      )
    )
    (feat_out): Linear(in_features=532, out_features=160, bias=False)
    (prob_out): Linear(in_features=532, out_features=2, bias=True)
  )
  (taco2_loss): Tacotron2Loss(
    (l1_criterion): L1Loss()
    (mse_criterion): MSELoss()
    (bce_criterion): BCEWithLogitsLoss()
  )
)
2023-11-02 13:51:31,777 (tts:337) WARNING: num. model params: 190,227 (num. trained: 190,227 (100.0%))
2023-11-02 13:51:31,870 (batchfy:433) INFO: count is auto detected as seq
2023-11-02 13:51:31,870 (batchfy:457) INFO: # utts: 255
2023-11-02 13:51:31,870 (batchfy:502) INFO: # minibatches: 2
2023-11-02 13:51:31,870 (batchfy:433) INFO: count is auto detected as seq
2023-11-02 13:51:31,870 (batchfy:457) INFO: # utts: 55
2023-11-02 13:51:31,870 (batchfy:502) INFO: # minibatches: 1
2023-11-02 13:51:34,838 (nets_utils:157) WARNING: Using make_pad_mask with a list of lengths is not tracable. If you try to trace this function with type(lengths) == list, please change the type of lengths to torch.LongTensor.
2023-11-02 13:51:35,021 (nets_utils:157) WARNING: Using make_pad_mask with a list of lengths is not tracable. If you try to trace this function with type(lengths) == list, please change the type of lengths to torch.LongTensor.
2023-11-02 13:51:42,995 (nets_utils:157) WARNING: Using make_pad_mask with a list of lengths is not tracable. If you try to trace this function with type(lengths) == list, please change the type of lengths to torch.LongTensor.
2023-11-02 13:51:43,031 (nets_utils:157) WARNING: Using make_pad_mask with a list of lengths is not tracable. If you try to trace this function with type(lengths) == list, please change the type of lengths to torch.LongTensor.
2023-11-02 13:51:46,009 (nets_utils:157) WARNING: Using make_pad_mask with a list of lengths is not tracable. If you try to trace this function with type(lengths) == list, please change the type of lengths to torch.LongTensor.
2023-11-02 13:51:46,013 (nets_utils:157) WARNING: Using make_pad_mask with a list of lengths is not tracable. If you try to trace this function with type(lengths) == list, please change the type of lengths to torch.LongTensor.
2023-11-02 13:51:46,999 (nets_utils:157) WARNING: Using make_pad_mask with a list of lengths is not tracable. If you try to trace this function with type(lengths) == list, please change the type of lengths to torch.LongTensor.
2023-11-02 13:51:47,000 (nets_utils:157) WARNING: Using make_pad_mask with a list of lengths is not tracable. If you try to trace this function with type(lengths) == list, please change the type of lengths to torch.LongTensor.
2023-11-02 13:51:49,587 (nets_utils:157) WARNING: Using make_pad_mask with a list of lengths is not tracable. If you try to trace this function with type(lengths) == list, please change the type of lengths to torch.LongTensor.
2023-11-02 13:51:49,588 (nets_utils:157) WARNING: Using make_pad_mask with a list of lengths is not tracable. If you try to trace this function with type(lengths) == list, please change the type of lengths to torch.LongTensor.
2023-11-02 13:51:51,171 (nets_utils:157) WARNING: Using make_pad_mask with a list of lengths is not tracable. If you try to trace this function with type(lengths) == list, please change the type of lengths to torch.LongTensor.
2023-11-02 13:51:51,178 (nets_utils:157) WARNING: Using make_pad_mask with a list of lengths is not tracable. If you try to trace this function with type(lengths) == list, please change the type of lengths to torch.LongTensor.
2023-11-02 13:51:56,809 (nets_utils:157) WARNING: Using make_pad_mask with a list of lengths is not tracable. If you try to trace this function with type(lengths) == list, please change the type of lengths to torch.LongTensor.
2023-11-02 13:51:56,817 (nets_utils:157) WARNING: Using make_pad_mask with a list of lengths is not tracable. If you try to trace this function with type(lengths) == list, please change the type of lengths to torch.LongTensor.
2023-11-02 13:51:59,484 (nets_utils:157) WARNING: Using make_pad_mask with a list of lengths is not tracable. If you try to trace this function with type(lengths) == list, please change the type of lengths to torch.LongTensor.
2023-11-02 13:51:59,488 (nets_utils:157) WARNING: Using make_pad_mask with a list of lengths is not tracable. If you try to trace this function with type(lengths) == list, please change the type of lengths to torch.LongTensor.
2023-11-02 13:52:00,396 (nets_utils:157) WARNING: Using make_pad_mask with a list of lengths is not tracable. If you try to trace this function with type(lengths) == list, please change the type of lengths to torch.LongTensor.
2023-11-02 13:52:00,397 (nets_utils:157) WARNING: Using make_pad_mask with a list of lengths is not tracable. If you try to trace this function with type(lengths) == list, please change the type of lengths to torch.LongTensor.
2023-11-02 13:52:00,974 (nets_utils:157) WARNING: Using make_pad_mask with a list of lengths is not tracable. If you try to trace this function with type(lengths) == list, please change the type of lengths to torch.LongTensor.
2023-11-02 13:52:00,975 (nets_utils:157) WARNING: Using make_pad_mask with a list of lengths is not tracable. If you try to trace this function with type(lengths) == list, please change the type of lengths to torch.LongTensor.
2023-11-02 13:52:02,382 (nets_utils:157) WARNING: Using make_pad_mask with a list of lengths is not tracable. If you try to trace this function with type(lengths) == list, please change the type of lengths to torch.LongTensor.
2023-11-02 13:52:02,390 (nets_utils:157) WARNING: Using make_pad_mask with a list of lengths is not tracable. If you try to trace this function with type(lengths) == list, please change the type of lengths to torch.LongTensor.
2023-11-02 13:52:05,111 (nets_utils:157) WARNING: Using make_pad_mask with a list of lengths is not tracable. If you try to trace this function with type(lengths) == list, please change the type of lengths to torch.LongTensor.
2023-11-02 13:52:05,118 (nets_utils:157) WARNING: Using make_pad_mask with a list of lengths is not tracable. If you try to trace this function with type(lengths) == list, please change the type of lengths to torch.LongTensor.
2023-11-02 13:52:11,911 (nets_utils:157) WARNING: Using make_pad_mask with a list of lengths is not tracable. If you try to trace this function with type(lengths) == list, please change the type of lengths to torch.LongTensor.
2023-11-02 13:52:11,915 (nets_utils:157) WARNING: Using make_pad_mask with a list of lengths is not tracable. If you try to trace this function with type(lengths) == list, please change the type of lengths to torch.LongTensor.
2023-11-02 13:52:12,840 (nets_utils:157) WARNING: Using make_pad_mask with a list of lengths is not tracable. If you try to trace this function with type(lengths) == list, please change the type of lengths to torch.LongTensor.
2023-11-02 13:52:12,841 (nets_utils:157) WARNING: Using make_pad_mask with a list of lengths is not tracable. If you try to trace this function with type(lengths) == list, please change the type of lengths to torch.LongTensor.
2023-11-02 13:52:13,335 (nets_utils:157) WARNING: Using make_pad_mask with a list of lengths is not tracable. If you try to trace this function with type(lengths) == list, please change the type of lengths to torch.LongTensor.
2023-11-02 13:52:13,336 (nets_utils:157) WARNING: Using make_pad_mask with a list of lengths is not tracable. If you try to trace this function with type(lengths) == list, please change the type of lengths to torch.LongTensor.
2023-11-02 13:52:14,674 (nets_utils:157) WARNING: Using make_pad_mask with a list of lengths is not tracable. If you try to trace this function with type(lengths) == list, please change the type of lengths to torch.LongTensor.
2023-11-02 13:52:14,682 (nets_utils:157) WARNING: Using make_pad_mask with a list of lengths is not tracable. If you try to trace this function with type(lengths) == list, please change the type of lengths to torch.LongTensor.
2023-11-02 13:52:18,903 (nets_utils:157) WARNING: Using make_pad_mask with a list of lengths is not tracable. If you try to trace this function with type(lengths) == list, please change the type of lengths to torch.LongTensor.
2023-11-02 13:52:18,911 (nets_utils:157) WARNING: Using make_pad_mask with a list of lengths is not tracable. If you try to trace this function with type(lengths) == list, please change the type of lengths to torch.LongTensor.
2023-11-02 13:52:25,924 (nets_utils:157) WARNING: Using make_pad_mask with a list of lengths is not tracable. If you try to trace this function with type(lengths) == list, please change the type of lengths to torch.LongTensor.
2023-11-02 13:52:25,928 (nets_utils:157) WARNING: Using make_pad_mask with a list of lengths is not tracable. If you try to trace this function with type(lengths) == list, please change the type of lengths to torch.LongTensor.
2023-11-02 13:52:26,886 (nets_utils:157) WARNING: Using make_pad_mask with a list of lengths is not tracable. If you try to trace this function with type(lengths) == list, please change the type of lengths to torch.LongTensor.
2023-11-02 13:52:26,887 (nets_utils:157) WARNING: Using make_pad_mask with a list of lengths is not tracable. If you try to trace this function with type(lengths) == list, please change the type of lengths to torch.LongTensor.
2023-11-02 13:52:27,388 (nets_utils:157) WARNING: Using make_pad_mask with a list of lengths is not tracable. If you try to trace this function with type(lengths) == list, please change the type of lengths to torch.LongTensor.
2023-11-02 13:52:27,389 (nets_utils:157) WARNING: Using make_pad_mask with a list of lengths is not tracable. If you try to trace this function with type(lengths) == list, please change the type of lengths to torch.LongTensor.
2023-11-02 13:52:28,858 (nets_utils:157) WARNING: Using make_pad_mask with a list of lengths is not tracable. If you try to trace this function with type(lengths) == list, please change the type of lengths to torch.LongTensor.
2023-11-02 13:52:28,866 (nets_utils:157) WARNING: Using make_pad_mask with a list of lengths is not tracable. If you try to trace this function with type(lengths) == list, please change the type of lengths to torch.LongTensor.
2023-11-02 13:52:34,847 (nets_utils:157) WARNING: Using make_pad_mask with a list of lengths is not tracable. If you try to trace this function with type(lengths) == list, please change the type of lengths to torch.LongTensor.
2023-11-02 13:52:34,864 (nets_utils:157) WARNING: Using make_pad_mask with a list of lengths is not tracable. If you try to trace this function with type(lengths) == list, please change the type of lengths to torch.LongTensor.
2023-11-02 13:52:48,040 (nets_utils:157) WARNING: Using make_pad_mask with a list of lengths is not tracable. If you try to trace this function with type(lengths) == list, please change the type of lengths to torch.LongTensor.
2023-11-02 13:52:48,043 (nets_utils:157) WARNING: Using make_pad_mask with a list of lengths is not tracable. If you try to trace this function with type(lengths) == list, please change the type of lengths to torch.LongTensor.
2023-11-02 13:52:49,354 (nets_utils:157) WARNING: Using make_pad_mask with a list of lengths is not tracable. If you try to trace this function with type(lengths) == list, please change the type of lengths to torch.LongTensor.
2023-11-02 13:52:49,356 (nets_utils:157) WARNING: Using make_pad_mask with a list of lengths is not tracable. If you try to trace this function with type(lengths) == list, please change the type of lengths to torch.LongTensor.
2023-11-02 13:52:49,911 (nets_utils:157) WARNING: Using make_pad_mask with a list of lengths is not tracable. If you try to trace this function with type(lengths) == list, please change the type of lengths to torch.LongTensor.
2023-11-02 13:52:49,912 (nets_utils:157) WARNING: Using make_pad_mask with a list of lengths is not tracable. If you try to trace this function with type(lengths) == list, please change the type of lengths to torch.LongTensor.
2023-11-02 13:52:51,565 (nets_utils:157) WARNING: Using make_pad_mask with a list of lengths is not tracable. If you try to trace this function with type(lengths) == list, please change the type of lengths to torch.LongTensor.
2023-11-02 13:52:51,572 (nets_utils:157) WARNING: Using make_pad_mask with a list of lengths is not tracable. If you try to trace this function with type(lengths) == list, please change the type of lengths to torch.LongTensor.
2023-11-02 13:53:03,555 (nets_utils:157) WARNING: Using make_pad_mask with a list of lengths is not tracable. If you try to trace this function with type(lengths) == list, please change the type of lengths to torch.LongTensor.
2023-11-02 13:53:03,566 (nets_utils:157) WARNING: Using make_pad_mask with a list of lengths is not tracable. If you try to trace this function with type(lengths) == list, please change the type of lengths to torch.LongTensor.
2023-11-02 13:53:09,305 (nets_utils:157) WARNING: Using make_pad_mask with a list of lengths is not tracable. If you try to trace this function with type(lengths) == list, please change the type of lengths to torch.LongTensor.
2023-11-02 13:53:09,309 (nets_utils:157) WARNING: Using make_pad_mask with a list of lengths is not tracable. If you try to trace this function with type(lengths) == list, please change the type of lengths to torch.LongTensor.
2023-11-02 13:53:10,654 (nets_utils:157) WARNING: Using make_pad_mask with a list of lengths is not tracable. If you try to trace this function with type(lengths) == list, please change the type of lengths to torch.LongTensor.
2023-11-02 13:53:10,656 (nets_utils:157) WARNING: Using make_pad_mask with a list of lengths is not tracable. If you try to trace this function with type(lengths) == list, please change the type of lengths to torch.LongTensor.
2023-11-02 13:53:11,391 (nets_utils:157) WARNING: Using make_pad_mask with a list of lengths is not tracable. If you try to trace this function with type(lengths) == list, please change the type of lengths to torch.LongTensor.
2023-11-02 13:53:11,392 (nets_utils:157) WARNING: Using make_pad_mask with a list of lengths is not tracable. If you try to trace this function with type(lengths) == list, please change the type of lengths to torch.LongTensor.
2023-11-02 13:53:12,821 (nets_utils:157) WARNING: Using make_pad_mask with a list of lengths is not tracable. If you try to trace this function with type(lengths) == list, please change the type of lengths to torch.LongTensor.
2023-11-02 13:53:12,828 (nets_utils:157) WARNING: Using make_pad_mask with a list of lengths is not tracable. If you try to trace this function with type(lengths) == list, please change the type of lengths to torch.LongTensor.
2023-11-02 13:53:18,256 (nets_utils:157) WARNING: Using make_pad_mask with a list of lengths is not tracable. If you try to trace this function with type(lengths) == list, please change the type of lengths to torch.LongTensor.
2023-11-02 13:53:18,263 (nets_utils:157) WARNING: Using make_pad_mask with a list of lengths is not tracable. If you try to trace this function with type(lengths) == list, please change the type of lengths to torch.LongTensor.
2023-11-02 13:53:28,127 (nets_utils:157) WARNING: Using make_pad_mask with a list of lengths is not tracable. If you try to trace this function with type(lengths) == list, please change the type of lengths to torch.LongTensor.
2023-11-02 13:53:28,130 (nets_utils:157) WARNING: Using make_pad_mask with a list of lengths is not tracable. If you try to trace this function with type(lengths) == list, please change the type of lengths to torch.LongTensor.
2023-11-02 13:53:29,078 (nets_utils:157) WARNING: Using make_pad_mask with a list of lengths is not tracable. If you try to trace this function with type(lengths) == list, please change the type of lengths to torch.LongTensor.
2023-11-02 13:53:29,079 (nets_utils:157) WARNING: Using make_pad_mask with a list of lengths is not tracable. If you try to trace this function with type(lengths) == list, please change the type of lengths to torch.LongTensor.
2023-11-02 13:53:29,613 (nets_utils:157) WARNING: Using make_pad_mask with a list of lengths is not tracable. If you try to trace this function with type(lengths) == list, please change the type of lengths to torch.LongTensor.
2023-11-02 13:53:29,614 (nets_utils:157) WARNING: Using make_pad_mask with a list of lengths is not tracable. If you try to trace this function with type(lengths) == list, please change the type of lengths to torch.LongTensor.
2023-11-02 13:53:30,997 (nets_utils:157) WARNING: Using make_pad_mask with a list of lengths is not tracable. If you try to trace this function with type(lengths) == list, please change the type of lengths to torch.LongTensor.
2023-11-02 13:53:31,004 (nets_utils:157) WARNING: Using make_pad_mask with a list of lengths is not tracable. If you try to trace this function with type(lengths) == list, please change the type of lengths to torch.LongTensor.
2023-11-02 13:53:35,475 (nets_utils:157) WARNING: Using make_pad_mask with a list of lengths is not tracable. If you try to trace this function with type(lengths) == list, please change the type of lengths to torch.LongTensor.
2023-11-02 13:53:35,484 (nets_utils:157) WARNING: Using make_pad_mask with a list of lengths is not tracable. If you try to trace this function with type(lengths) == list, please change the type of lengths to torch.LongTensor.
2023-11-02 13:53:42,928 (nets_utils:157) WARNING: Using make_pad_mask with a list of lengths is not tracable. If you try to trace this function with type(lengths) == list, please change the type of lengths to torch.LongTensor.
2023-11-02 13:53:42,932 (nets_utils:157) WARNING: Using make_pad_mask with a list of lengths is not tracable. If you try to trace this function with type(lengths) == list, please change the type of lengths to torch.LongTensor.
2023-11-02 13:53:43,802 (nets_utils:157) WARNING: Using make_pad_mask with a list of lengths is not tracable. If you try to trace this function with type(lengths) == list, please change the type of lengths to torch.LongTensor.
2023-11-02 13:53:43,803 (nets_utils:157) WARNING: Using make_pad_mask with a list of lengths is not tracable. If you try to trace this function with type(lengths) == list, please change the type of lengths to torch.LongTensor.
2023-11-02 13:53:44,300 (nets_utils:157) WARNING: Using make_pad_mask with a list of lengths is not tracable. If you try to trace this function with type(lengths) == list, please change the type of lengths to torch.LongTensor.
2023-11-02 13:53:44,301 (nets_utils:157) WARNING: Using make_pad_mask with a list of lengths is not tracable. If you try to trace this function with type(lengths) == list, please change the type of lengths to torch.LongTensor.
2023-11-02 13:53:45,609 (nets_utils:157) WARNING: Using make_pad_mask with a list of lengths is not tracable. If you try to trace this function with type(lengths) == list, please change the type of lengths to torch.LongTensor.
2023-11-02 13:53:45,617 (nets_utils:157) WARNING: Using make_pad_mask with a list of lengths is not tracable. If you try to trace this function with type(lengths) == list, please change the type of lengths to torch.LongTensor.
2023-11-02 13:53:49,215 (nets_utils:157) WARNING: Using make_pad_mask with a list of lengths is not tracable. If you try to trace this function with type(lengths) == list, please change the type of lengths to torch.LongTensor.
2023-11-02 13:53:49,222 (nets_utils:157) WARNING: Using make_pad_mask with a list of lengths is not tracable. If you try to trace this function with type(lengths) == list, please change the type of lengths to torch.LongTensor.
2023-11-02 13:53:55,042 (nets_utils:157) WARNING: Using make_pad_mask with a list of lengths is not tracable. If you try to trace this function with type(lengths) == list, please change the type of lengths to torch.LongTensor.
2023-11-02 13:53:55,046 (nets_utils:157) WARNING: Using make_pad_mask with a list of lengths is not tracable. If you try to trace this function with type(lengths) == list, please change the type of lengths to torch.LongTensor.
2023-11-02 13:53:55,909 (nets_utils:157) WARNING: Using make_pad_mask with a list of lengths is not tracable. If you try to trace this function with type(lengths) == list, please change the type of lengths to torch.LongTensor.
2023-11-02 13:53:55,911 (nets_utils:157) WARNING: Using make_pad_mask with a list of lengths is not tracable. If you try to trace this function with type(lengths) == list, please change the type of lengths to torch.LongTensor.
2023-11-02 13:53:56,423 (nets_utils:157) WARNING: Using make_pad_mask with a list of lengths is not tracable. If you try to trace this function with type(lengths) == list, please change the type of lengths to torch.LongTensor.
2023-11-02 13:53:56,424 (nets_utils:157) WARNING: Using make_pad_mask with a list of lengths is not tracable. If you try to trace this function with type(lengths) == list, please change the type of lengths to torch.LongTensor.
2023-11-02 13:53:57,874 (nets_utils:157) WARNING: Using make_pad_mask with a list of lengths is not tracable. If you try to trace this function with type(lengths) == list, please change the type of lengths to torch.LongTensor.
2023-11-02 13:53:57,881 (nets_utils:157) WARNING: Using make_pad_mask with a list of lengths is not tracable. If you try to trace this function with type(lengths) == list, please change the type of lengths to torch.LongTensor.
2023-11-02 13:54:03,651 (nets_utils:157) WARNING: Using make_pad_mask with a list of lengths is not tracable. If you try to trace this function with type(lengths) == list, please change the type of lengths to torch.LongTensor.
2023-11-02 13:54:03,659 (nets_utils:157) WARNING: Using make_pad_mask with a list of lengths is not tracable. If you try to trace this function with type(lengths) == list, please change the type of lengths to torch.LongTensor.
2023-11-02 13:54:06,450 (nets_utils:157) WARNING: Using make_pad_mask with a list of lengths is not tracable. If you try to trace this function with type(lengths) == list, please change the type of lengths to torch.LongTensor.
2023-11-02 13:54:06,454 (nets_utils:157) WARNING: Using make_pad_mask with a list of lengths is not tracable. If you try to trace this function with type(lengths) == list, please change the type of lengths to torch.LongTensor.
2023-11-02 13:54:07,367 (nets_utils:157) WARNING: Using make_pad_mask with a list of lengths is not tracable. If you try to trace this function with type(lengths) == list, please change the type of lengths to torch.LongTensor.
2023-11-02 13:54:07,368 (nets_utils:157) WARNING: Using make_pad_mask with a list of lengths is not tracable. If you try to trace this function with type(lengths) == list, please change the type of lengths to torch.LongTensor.
2023-11-02 13:54:07,884 (nets_utils:157) WARNING: Using make_pad_mask with a list of lengths is not tracable. If you try to trace this function with type(lengths) == list, please change the type of lengths to torch.LongTensor.
2023-11-02 13:54:07,885 (nets_utils:157) WARNING: Using make_pad_mask with a list of lengths is not tracable. If you try to trace this function with type(lengths) == list, please change the type of lengths to torch.LongTensor.
2023-11-02 13:54:09,168 (nets_utils:157) WARNING: Using make_pad_mask with a list of lengths is not tracable. If you try to trace this function with type(lengths) == list, please change the type of lengths to torch.LongTensor.
2023-11-02 13:54:09,176 (nets_utils:157) WARNING: Using make_pad_mask with a list of lengths is not tracable. If you try to trace this function with type(lengths) == list, please change the type of lengths to torch.LongTensor.
2023-11-02 13:54:11,785 (nets_utils:157) WARNING: Using make_pad_mask with a list of lengths is not tracable. If you try to trace this function with type(lengths) == list, please change the type of lengths to torch.LongTensor.
2023-11-02 13:54:11,793 (nets_utils:157) WARNING: Using make_pad_mask with a list of lengths is not tracable. If you try to trace this function with type(lengths) == list, please change the type of lengths to torch.LongTensor.
2023-11-02 13:54:17,475 (nets_utils:157) WARNING: Using make_pad_mask with a list of lengths is not tracable. If you try to trace this function with type(lengths) == list, please change the type of lengths to torch.LongTensor.
2023-11-02 13:54:17,478 (nets_utils:157) WARNING: Using make_pad_mask with a list of lengths is not tracable. If you try to trace this function with type(lengths) == list, please change the type of lengths to torch.LongTensor.
2023-11-02 13:54:18,400 (nets_utils:157) WARNING: Using make_pad_mask with a list of lengths is not tracable. If you try to trace this function with type(lengths) == list, please change the type of lengths to torch.LongTensor.
2023-11-02 13:54:18,402 (nets_utils:157) WARNING: Using make_pad_mask with a list of lengths is not tracable. If you try to trace this function with type(lengths) == list, please change the type of lengths to torch.LongTensor.
2023-11-02 13:54:18,960 (nets_utils:157) WARNING: Using make_pad_mask with a list of lengths is not tracable. If you try to trace this function with type(lengths) == list, please change the type of lengths to torch.LongTensor.
2023-11-02 13:54:18,961 (nets_utils:157) WARNING: Using make_pad_mask with a list of lengths is not tracable. If you try to trace this function with type(lengths) == list, please change the type of lengths to torch.LongTensor.
2023-11-02 13:54:20,487 (nets_utils:157) WARNING: Using make_pad_mask with a list of lengths is not tracable. If you try to trace this function with type(lengths) == list, please change the type of lengths to torch.LongTensor.
2023-11-02 13:54:20,494 (nets_utils:157) WARNING: Using make_pad_mask with a list of lengths is not tracable. If you try to trace this function with type(lengths) == list, please change the type of lengths to torch.LongTensor.
2023-11-02 13:54:23,027 (nets_utils:157) WARNING: Using make_pad_mask with a list of lengths is not tracable. If you try to trace this function with type(lengths) == list, please change the type of lengths to torch.LongTensor.
2023-11-02 13:54:23,036 (nets_utils:157) WARNING: Using make_pad_mask with a list of lengths is not tracable. If you try to trace this function with type(lengths) == list, please change the type of lengths to torch.LongTensor.
2023-11-02 13:54:30,721 (nets_utils:157) WARNING: Using make_pad_mask with a list of lengths is not tracable. If you try to trace this function with type(lengths) == list, please change the type of lengths to torch.LongTensor.
2023-11-02 13:54:30,725 (nets_utils:157) WARNING: Using make_pad_mask with a list of lengths is not tracable. If you try to trace this function with type(lengths) == list, please change the type of lengths to torch.LongTensor.
2023-11-02 13:54:31,641 (nets_utils:157) WARNING: Using make_pad_mask with a list of lengths is not tracable. If you try to trace this function with type(lengths) == list, please change the type of lengths to torch.LongTensor.
2023-11-02 13:54:31,642 (nets_utils:157) WARNING: Using make_pad_mask with a list of lengths is not tracable. If you try to trace this function with type(lengths) == list, please change the type of lengths to torch.LongTensor.
2023-11-02 13:54:32,211 (nets_utils:157) WARNING: Using make_pad_mask with a list of lengths is not tracable. If you try to trace this function with type(lengths) == list, please change the type of lengths to torch.LongTensor.
2023-11-02 13:54:32,212 (nets_utils:157) WARNING: Using make_pad_mask with a list of lengths is not tracable. If you try to trace this function with type(lengths) == list, please change the type of lengths to torch.LongTensor.
2023-11-02 13:54:34,223 (nets_utils:157) WARNING: Using make_pad_mask with a list of lengths is not tracable. If you try to trace this function with type(lengths) == list, please change the type of lengths to torch.LongTensor.
2023-11-02 13:54:34,234 (nets_utils:157) WARNING: Using make_pad_mask with a list of lengths is not tracable. If you try to trace this function with type(lengths) == list, please change the type of lengths to torch.LongTensor.
2023-11-02 13:54:40,081 (nets_utils:157) WARNING: Using make_pad_mask with a list of lengths is not tracable. If you try to trace this function with type(lengths) == list, please change the type of lengths to torch.LongTensor.
2023-11-02 13:54:40,089 (nets_utils:157) WARNING: Using make_pad_mask with a list of lengths is not tracable. If you try to trace this function with type(lengths) == list, please change the type of lengths to torch.LongTensor.
2023-11-02 13:54:42,603 (nets_utils:157) WARNING: Using make_pad_mask with a list of lengths is not tracable. If you try to trace this function with type(lengths) == list, please change the type of lengths to torch.LongTensor.
2023-11-02 13:54:42,607 (nets_utils:157) WARNING: Using make_pad_mask with a list of lengths is not tracable. If you try to trace this function with type(lengths) == list, please change the type of lengths to torch.LongTensor.
2023-11-02 13:54:43,490 (nets_utils:157) WARNING: Using make_pad_mask with a list of lengths is not tracable. If you try to trace this function with type(lengths) == list, please change the type of lengths to torch.LongTensor.
2023-11-02 13:54:43,491 (nets_utils:157) WARNING: Using make_pad_mask with a list of lengths is not tracable. If you try to trace this function with type(lengths) == list, please change the type of lengths to torch.LongTensor.
2023-11-02 13:54:44,186 (nets_utils:157) WARNING: Using make_pad_mask with a list of lengths is not tracable. If you try to trace this function with type(lengths) == list, please change the type of lengths to torch.LongTensor.
2023-11-02 13:54:44,188 (nets_utils:157) WARNING: Using make_pad_mask with a list of lengths is not tracable. If you try to trace this function with type(lengths) == list, please change the type of lengths to torch.LongTensor.
2023-11-02 13:54:45,550 (nets_utils:157) WARNING: Using make_pad_mask with a list of lengths is not tracable. If you try to trace this function with type(lengths) == list, please change the type of lengths to torch.LongTensor.
2023-11-02 13:54:45,557 (nets_utils:157) WARNING: Using make_pad_mask with a list of lengths is not tracable. If you try to trace this function with type(lengths) == list, please change the type of lengths to torch.LongTensor.
2023-11-02 13:54:51,300 (nets_utils:157) WARNING: Using make_pad_mask with a list of lengths is not tracable. If you try to trace this function with type(lengths) == list, please change the type of lengths to torch.LongTensor.
2023-11-02 13:54:51,308 (nets_utils:157) WARNING: Using make_pad_mask with a list of lengths is not tracable. If you try to trace this function with type(lengths) == list, please change the type of lengths to torch.LongTensor.
2023-11-02 13:54:53,858 (nets_utils:157) WARNING: Using make_pad_mask with a list of lengths is not tracable. If you try to trace this function with type(lengths) == list, please change the type of lengths to torch.LongTensor.
2023-11-02 13:54:53,862 (nets_utils:157) WARNING: Using make_pad_mask with a list of lengths is not tracable. If you try to trace this function with type(lengths) == list, please change the type of lengths to torch.LongTensor.
2023-11-02 13:54:54,756 (nets_utils:157) WARNING: Using make_pad_mask with a list of lengths is not tracable. If you try to trace this function with type(lengths) == list, please change the type of lengths to torch.LongTensor.
2023-11-02 13:54:54,757 (nets_utils:157) WARNING: Using make_pad_mask with a list of lengths is not tracable. If you try to trace this function with type(lengths) == list, please change the type of lengths to torch.LongTensor.
2023-11-02 13:54:55,292 (nets_utils:157) WARNING: Using make_pad_mask with a list of lengths is not tracable. If you try to trace this function with type(lengths) == list, please change the type of lengths to torch.LongTensor.
2023-11-02 13:54:55,293 (nets_utils:157) WARNING: Using make_pad_mask with a list of lengths is not tracable. If you try to trace this function with type(lengths) == list, please change the type of lengths to torch.LongTensor.
2023-11-02 13:54:56,673 (nets_utils:157) WARNING: Using make_pad_mask with a list of lengths is not tracable. If you try to trace this function with type(lengths) == list, please change the type of lengths to torch.LongTensor.
2023-11-02 13:54:56,680 (nets_utils:157) WARNING: Using make_pad_mask with a list of lengths is not tracable. If you try to trace this function with type(lengths) == list, please change the type of lengths to torch.LongTensor.
2023-11-02 13:54:59,310 (nets_utils:157) WARNING: Using make_pad_mask with a list of lengths is not tracable. If you try to trace this function with type(lengths) == list, please change the type of lengths to torch.LongTensor.
2023-11-02 13:54:59,318 (nets_utils:157) WARNING: Using make_pad_mask with a list of lengths is not tracable. If you try to trace this function with type(lengths) == list, please change the type of lengths to torch.LongTensor.
2023-11-02 13:55:05,062 (nets_utils:157) WARNING: Using make_pad_mask with a list of lengths is not tracable. If you try to trace this function with type(lengths) == list, please change the type of lengths to torch.LongTensor.
2023-11-02 13:55:05,065 (nets_utils:157) WARNING: Using make_pad_mask with a list of lengths is not tracable. If you try to trace this function with type(lengths) == list, please change the type of lengths to torch.LongTensor.
2023-11-02 13:55:06,012 (nets_utils:157) WARNING: Using make_pad_mask with a list of lengths is not tracable. If you try to trace this function with type(lengths) == list, please change the type of lengths to torch.LongTensor.
2023-11-02 13:55:06,013 (nets_utils:157) WARNING: Using make_pad_mask with a list of lengths is not tracable. If you try to trace this function with type(lengths) == list, please change the type of lengths to torch.LongTensor.
2023-11-02 13:55:06,580 (nets_utils:157) WARNING: Using make_pad_mask with a list of lengths is not tracable. If you try to trace this function with type(lengths) == list, please change the type of lengths to torch.LongTensor.
2023-11-02 13:55:06,581 (nets_utils:157) WARNING: Using make_pad_mask with a list of lengths is not tracable. If you try to trace this function with type(lengths) == list, please change the type of lengths to torch.LongTensor.
2023-11-02 13:55:08,059 (nets_utils:157) WARNING: Using make_pad_mask with a list of lengths is not tracable. If you try to trace this function with type(lengths) == list, please change the type of lengths to torch.LongTensor.
2023-11-02 13:55:08,066 (nets_utils:157) WARNING: Using make_pad_mask with a list of lengths is not tracable. If you try to trace this function with type(lengths) == list, please change the type of lengths to torch.LongTensor.
2023-11-02 13:55:13,813 (nets_utils:157) WARNING: Using make_pad_mask with a list of lengths is not tracable. If you try to trace this function with type(lengths) == list, please change the type of lengths to torch.LongTensor.
2023-11-02 13:55:13,821 (nets_utils:157) WARNING: Using make_pad_mask with a list of lengths is not tracable. If you try to trace this function with type(lengths) == list, please change the type of lengths to torch.LongTensor.
2023-11-02 13:55:16,320 (nets_utils:157) WARNING: Using make_pad_mask with a list of lengths is not tracable. If you try to trace this function with type(lengths) == list, please change the type of lengths to torch.LongTensor.
2023-11-02 13:55:16,324 (nets_utils:157) WARNING: Using make_pad_mask with a list of lengths is not tracable. If you try to trace this function with type(lengths) == list, please change the type of lengths to torch.LongTensor.
2023-11-02 13:55:17,209 (nets_utils:157) WARNING: Using make_pad_mask with a list of lengths is not tracable. If you try to trace this function with type(lengths) == list, please change the type of lengths to torch.LongTensor.
2023-11-02 13:55:17,210 (nets_utils:157) WARNING: Using make_pad_mask with a list of lengths is not tracable. If you try to trace this function with type(lengths) == list, please change the type of lengths to torch.LongTensor.
2023-11-02 13:55:17,764 (nets_utils:157) WARNING: Using make_pad_mask with a list of lengths is not tracable. If you try to trace this function with type(lengths) == list, please change the type of lengths to torch.LongTensor.
2023-11-02 13:55:17,765 (nets_utils:157) WARNING: Using make_pad_mask with a list of lengths is not tracable. If you try to trace this function with type(lengths) == list, please change the type of lengths to torch.LongTensor.
2023-11-02 13:55:19,135 (nets_utils:157) WARNING: Using make_pad_mask with a list of lengths is not tracable. If you try to trace this function with type(lengths) == list, please change the type of lengths to torch.LongTensor.
2023-11-02 13:55:19,142 (nets_utils:157) WARNING: Using make_pad_mask with a list of lengths is not tracable. If you try to trace this function with type(lengths) == list, please change the type of lengths to torch.LongTensor.
2023-11-02 13:55:24,886 (nets_utils:157) WARNING: Using make_pad_mask with a list of lengths is not tracable. If you try to trace this function with type(lengths) == list, please change the type of lengths to torch.LongTensor.
2023-11-02 13:55:24,894 (nets_utils:157) WARNING: Using make_pad_mask with a list of lengths is not tracable. If you try to trace this function with type(lengths) == list, please change the type of lengths to torch.LongTensor.
2023-11-02 13:55:27,391 (nets_utils:157) WARNING: Using make_pad_mask with a list of lengths is not tracable. If you try to trace this function with type(lengths) == list, please change the type of lengths to torch.LongTensor.
2023-11-02 13:55:27,395 (nets_utils:157) WARNING: Using make_pad_mask with a list of lengths is not tracable. If you try to trace this function with type(lengths) == list, please change the type of lengths to torch.LongTensor.
2023-11-02 13:55:28,274 (nets_utils:157) WARNING: Using make_pad_mask with a list of lengths is not tracable. If you try to trace this function with type(lengths) == list, please change the type of lengths to torch.LongTensor.
2023-11-02 13:55:28,275 (nets_utils:157) WARNING: Using make_pad_mask with a list of lengths is not tracable. If you try to trace this function with type(lengths) == list, please change the type of lengths to torch.LongTensor.
2023-11-02 13:55:28,794 (nets_utils:157) WARNING: Using make_pad_mask with a list of lengths is not tracable. If you try to trace this function with type(lengths) == list, please change the type of lengths to torch.LongTensor.
2023-11-02 13:55:28,795 (nets_utils:157) WARNING: Using make_pad_mask with a list of lengths is not tracable. If you try to trace this function with type(lengths) == list, please change the type of lengths to torch.LongTensor.
2023-11-02 13:55:30,282 (nets_utils:157) WARNING: Using make_pad_mask with a list of lengths is not tracable. If you try to trace this function with type(lengths) == list, please change the type of lengths to torch.LongTensor.
2023-11-02 13:55:30,290 (nets_utils:157) WARNING: Using make_pad_mask with a list of lengths is not tracable. If you try to trace this function with type(lengths) == list, please change the type of lengths to torch.LongTensor.
2023-11-02 13:55:35,865 (nets_utils:157) WARNING: Using make_pad_mask with a list of lengths is not tracable. If you try to trace this function with type(lengths) == list, please change the type of lengths to torch.LongTensor.
2023-11-02 13:55:35,873 (nets_utils:157) WARNING: Using make_pad_mask with a list of lengths is not tracable. If you try to trace this function with type(lengths) == list, please change the type of lengths to torch.LongTensor.
2023-11-02 13:55:38,386 (nets_utils:157) WARNING: Using make_pad_mask with a list of lengths is not tracable. If you try to trace this function with type(lengths) == list, please change the type of lengths to torch.LongTensor.
2023-11-02 13:55:38,389 (nets_utils:157) WARNING: Using make_pad_mask with a list of lengths is not tracable. If you try to trace this function with type(lengths) == list, please change the type of lengths to torch.LongTensor.
2023-11-02 13:55:39,279 (nets_utils:157) WARNING: Using make_pad_mask with a list of lengths is not tracable. If you try to trace this function with type(lengths) == list, please change the type of lengths to torch.LongTensor.
2023-11-02 13:55:39,280 (nets_utils:157) WARNING: Using make_pad_mask with a list of lengths is not tracable. If you try to trace this function with type(lengths) == list, please change the type of lengths to torch.LongTensor.
2023-11-02 13:55:39,786 (nets_utils:157) WARNING: Using make_pad_mask with a list of lengths is not tracable. If you try to trace this function with type(lengths) == list, please change the type of lengths to torch.LongTensor.
2023-11-02 13:55:39,788 (nets_utils:157) WARNING: Using make_pad_mask with a list of lengths is not tracable. If you try to trace this function with type(lengths) == list, please change the type of lengths to torch.LongTensor.
2023-11-02 13:55:41,127 (nets_utils:157) WARNING: Using make_pad_mask with a list of lengths is not tracable. If you try to trace this function with type(lengths) == list, please change the type of lengths to torch.LongTensor.
2023-11-02 13:55:41,134 (nets_utils:157) WARNING: Using make_pad_mask with a list of lengths is not tracable. If you try to trace this function with type(lengths) == list, please change the type of lengths to torch.LongTensor.
2023-11-02 13:55:46,844 (nets_utils:157) WARNING: Using make_pad_mask with a list of lengths is not tracable. If you try to trace this function with type(lengths) == list, please change the type of lengths to torch.LongTensor.
2023-11-02 13:55:46,851 (nets_utils:157) WARNING: Using make_pad_mask with a list of lengths is not tracable. If you try to trace this function with type(lengths) == list, please change the type of lengths to torch.LongTensor.
2023-11-02 13:55:49,356 (nets_utils:157) WARNING: Using make_pad_mask with a list of lengths is not tracable. If you try to trace this function with type(lengths) == list, please change the type of lengths to torch.LongTensor.
2023-11-02 13:55:49,359 (nets_utils:157) WARNING: Using make_pad_mask with a list of lengths is not tracable. If you try to trace this function with type(lengths) == list, please change the type of lengths to torch.LongTensor.
2023-11-02 13:55:50,237 (nets_utils:157) WARNING: Using make_pad_mask with a list of lengths is not tracable. If you try to trace this function with type(lengths) == list, please change the type of lengths to torch.LongTensor.
2023-11-02 13:55:50,238 (nets_utils:157) WARNING: Using make_pad_mask with a list of lengths is not tracable. If you try to trace this function with type(lengths) == list, please change the type of lengths to torch.LongTensor.
2023-11-02 13:55:50,875 (nets_utils:157) WARNING: Using make_pad_mask with a list of lengths is not tracable. If you try to trace this function with type(lengths) == list, please change the type of lengths to torch.LongTensor.
2023-11-02 13:55:50,876 (nets_utils:157) WARNING: Using make_pad_mask with a list of lengths is not tracable. If you try to trace this function with type(lengths) == list, please change the type of lengths to torch.LongTensor.
2023-11-02 13:55:52,234 (nets_utils:157) WARNING: Using make_pad_mask with a list of lengths is not tracable. If you try to trace this function with type(lengths) == list, please change the type of lengths to torch.LongTensor.
2023-11-02 13:55:52,242 (nets_utils:157) WARNING: Using make_pad_mask with a list of lengths is not tracable. If you try to trace this function with type(lengths) == list, please change the type of lengths to torch.LongTensor.
2023-11-02 13:55:58,986 (nets_utils:157) WARNING: Using make_pad_mask with a list of lengths is not tracable. If you try to trace this function with type(lengths) == list, please change the type of lengths to torch.LongTensor.
2023-11-02 13:55:58,994 (nets_utils:157) WARNING: Using make_pad_mask with a list of lengths is not tracable. If you try to trace this function with type(lengths) == list, please change the type of lengths to torch.LongTensor.
2023-11-02 13:56:02,385 (nets_utils:157) WARNING: Using make_pad_mask with a list of lengths is not tracable. If you try to trace this function with type(lengths) == list, please change the type of lengths to torch.LongTensor.
2023-11-02 13:56:02,389 (nets_utils:157) WARNING: Using make_pad_mask with a list of lengths is not tracable. If you try to trace this function with type(lengths) == list, please change the type of lengths to torch.LongTensor.
2023-11-02 13:56:03,345 (nets_utils:157) WARNING: Using make_pad_mask with a list of lengths is not tracable. If you try to trace this function with type(lengths) == list, please change the type of lengths to torch.LongTensor.
2023-11-02 13:56:03,347 (nets_utils:157) WARNING: Using make_pad_mask with a list of lengths is not tracable. If you try to trace this function with type(lengths) == list, please change the type of lengths to torch.LongTensor.
2023-11-02 13:56:03,953 (nets_utils:157) WARNING: Using make_pad_mask with a list of lengths is not tracable. If you try to trace this function with type(lengths) == list, please change the type of lengths to torch.LongTensor.
2023-11-02 13:56:03,954 (nets_utils:157) WARNING: Using make_pad_mask with a list of lengths is not tracable. If you try to trace this function with type(lengths) == list, please change the type of lengths to torch.LongTensor.
2023-11-02 13:56:05,606 (nets_utils:157) WARNING: Using make_pad_mask with a list of lengths is not tracable. If you try to trace this function with type(lengths) == list, please change the type of lengths to torch.LongTensor.
2023-11-02 13:56:05,614 (nets_utils:157) WARNING: Using make_pad_mask with a list of lengths is not tracable. If you try to trace this function with type(lengths) == list, please change the type of lengths to torch.LongTensor.
2023-11-02 13:56:11,265 (nets_utils:157) WARNING: Using make_pad_mask with a list of lengths is not tracable. If you try to trace this function with type(lengths) == list, please change the type of lengths to torch.LongTensor.
2023-11-02 13:56:11,272 (nets_utils:157) WARNING: Using make_pad_mask with a list of lengths is not tracable. If you try to trace this function with type(lengths) == list, please change the type of lengths to torch.LongTensor.
2023-11-02 13:56:13,777 (nets_utils:157) WARNING: Using make_pad_mask with a list of lengths is not tracable. If you try to trace this function with type(lengths) == list, please change the type of lengths to torch.LongTensor.
2023-11-02 13:56:13,781 (nets_utils:157) WARNING: Using make_pad_mask with a list of lengths is not tracable. If you try to trace this function with type(lengths) == list, please change the type of lengths to torch.LongTensor.
2023-11-02 13:56:14,659 (nets_utils:157) WARNING: Using make_pad_mask with a list of lengths is not tracable. If you try to trace this function with type(lengths) == list, please change the type of lengths to torch.LongTensor.
2023-11-02 13:56:14,660 (nets_utils:157) WARNING: Using make_pad_mask with a list of lengths is not tracable. If you try to trace this function with type(lengths) == list, please change the type of lengths to torch.LongTensor.
2023-11-02 13:56:15,178 (nets_utils:157) WARNING: Using make_pad_mask with a list of lengths is not tracable. If you try to trace this function with type(lengths) == list, please change the type of lengths to torch.LongTensor.
2023-11-02 13:56:15,179 (nets_utils:157) WARNING: Using make_pad_mask with a list of lengths is not tracable. If you try to trace this function with type(lengths) == list, please change the type of lengths to torch.LongTensor.
2023-11-02 13:56:16,509 (nets_utils:157) WARNING: Using make_pad_mask with a list of lengths is not tracable. If you try to trace this function with type(lengths) == list, please change the type of lengths to torch.LongTensor.
2023-11-02 13:56:16,517 (nets_utils:157) WARNING: Using make_pad_mask with a list of lengths is not tracable. If you try to trace this function with type(lengths) == list, please change the type of lengths to torch.LongTensor.
2023-11-02 13:56:22,306 (nets_utils:157) WARNING: Using make_pad_mask with a list of lengths is not tracable. If you try to trace this function with type(lengths) == list, please change the type of lengths to torch.LongTensor.
2023-11-02 13:56:22,314 (nets_utils:157) WARNING: Using make_pad_mask with a list of lengths is not tracable. If you try to trace this function with type(lengths) == list, please change the type of lengths to torch.LongTensor.
2023-11-02 13:56:24,767 (nets_utils:157) WARNING: Using make_pad_mask with a list of lengths is not tracable. If you try to trace this function with type(lengths) == list, please change the type of lengths to torch.LongTensor.
2023-11-02 13:56:24,771 (nets_utils:157) WARNING: Using make_pad_mask with a list of lengths is not tracable. If you try to trace this function with type(lengths) == list, please change the type of lengths to torch.LongTensor.
2023-11-02 13:56:25,632 (nets_utils:157) WARNING: Using make_pad_mask with a list of lengths is not tracable. If you try to trace this function with type(lengths) == list, please change the type of lengths to torch.LongTensor.
2023-11-02 13:56:25,633 (nets_utils:157) WARNING: Using make_pad_mask with a list of lengths is not tracable. If you try to trace this function with type(lengths) == list, please change the type of lengths to torch.LongTensor.
2023-11-02 13:56:26,140 (nets_utils:157) WARNING: Using make_pad_mask with a list of lengths is not tracable. If you try to trace this function with type(lengths) == list, please change the type of lengths to torch.LongTensor.
2023-11-02 13:56:26,141 (nets_utils:157) WARNING: Using make_pad_mask with a list of lengths is not tracable. If you try to trace this function with type(lengths) == list, please change the type of lengths to torch.LongTensor.
2023-11-02 13:56:27,539 (nets_utils:157) WARNING: Using make_pad_mask with a list of lengths is not tracable. If you try to trace this function with type(lengths) == list, please change the type of lengths to torch.LongTensor.
2023-11-02 13:56:27,546 (nets_utils:157) WARNING: Using make_pad_mask with a list of lengths is not tracable. If you try to trace this function with type(lengths) == list, please change the type of lengths to torch.LongTensor.
2023-11-02 13:56:30,077 (nets_utils:157) WARNING: Using make_pad_mask with a list of lengths is not tracable. If you try to trace this function with type(lengths) == list, please change the type of lengths to torch.LongTensor.
2023-11-02 13:56:30,085 (nets_utils:157) WARNING: Using make_pad_mask with a list of lengths is not tracable. If you try to trace this function with type(lengths) == list, please change the type of lengths to torch.LongTensor.
2023-11-02 13:56:35,737 (nets_utils:157) WARNING: Using make_pad_mask with a list of lengths is not tracable. If you try to trace this function with type(lengths) == list, please change the type of lengths to torch.LongTensor.
2023-11-02 13:56:35,742 (nets_utils:157) WARNING: Using make_pad_mask with a list of lengths is not tracable. If you try to trace this function with type(lengths) == list, please change the type of lengths to torch.LongTensor.
2023-11-02 13:56:36,615 (nets_utils:157) WARNING: Using make_pad_mask with a list of lengths is not tracable. If you try to trace this function with type(lengths) == list, please change the type of lengths to torch.LongTensor.
2023-11-02 13:56:36,616 (nets_utils:157) WARNING: Using make_pad_mask with a list of lengths is not tracable. If you try to trace this function with type(lengths) == list, please change the type of lengths to torch.LongTensor.
2023-11-02 13:56:37,138 (nets_utils:157) WARNING: Using make_pad_mask with a list of lengths is not tracable. If you try to trace this function with type(lengths) == list, please change the type of lengths to torch.LongTensor.
2023-11-02 13:56:37,139 (nets_utils:157) WARNING: Using make_pad_mask with a list of lengths is not tracable. If you try to trace this function with type(lengths) == list, please change the type of lengths to torch.LongTensor.
2023-11-02 13:56:38,429 (nets_utils:157) WARNING: Using make_pad_mask with a list of lengths is not tracable. If you try to trace this function with type(lengths) == list, please change the type of lengths to torch.LongTensor.
2023-11-02 13:56:38,437 (nets_utils:157) WARNING: Using make_pad_mask with a list of lengths is not tracable. If you try to trace this function with type(lengths) == list, please change the type of lengths to torch.LongTensor.
2023-11-02 13:56:40,964 (nets_utils:157) WARNING: Using make_pad_mask with a list of lengths is not tracable. If you try to trace this function with type(lengths) == list, please change the type of lengths to torch.LongTensor.
2023-11-02 13:56:40,974 (nets_utils:157) WARNING: Using make_pad_mask with a list of lengths is not tracable. If you try to trace this function with type(lengths) == list, please change the type of lengths to torch.LongTensor.
2023-11-02 13:56:46,550 (nets_utils:157) WARNING: Using make_pad_mask with a list of lengths is not tracable. If you try to trace this function with type(lengths) == list, please change the type of lengths to torch.LongTensor.
2023-11-02 13:56:46,554 (nets_utils:157) WARNING: Using make_pad_mask with a list of lengths is not tracable. If you try to trace this function with type(lengths) == list, please change the type of lengths to torch.LongTensor.
2023-11-02 13:56:47,419 (nets_utils:157) WARNING: Using make_pad_mask with a list of lengths is not tracable. If you try to trace this function with type(lengths) == list, please change the type of lengths to torch.LongTensor.
2023-11-02 13:56:47,420 (nets_utils:157) WARNING: Using make_pad_mask with a list of lengths is not tracable. If you try to trace this function with type(lengths) == list, please change the type of lengths to torch.LongTensor.
2023-11-02 13:56:47,943 (nets_utils:157) WARNING: Using make_pad_mask with a list of lengths is not tracable. If you try to trace this function with type(lengths) == list, please change the type of lengths to torch.LongTensor.
2023-11-02 13:56:47,944 (nets_utils:157) WARNING: Using make_pad_mask with a list of lengths is not tracable. If you try to trace this function with type(lengths) == list, please change the type of lengths to torch.LongTensor.
2023-11-02 13:56:49,359 (nets_utils:157) WARNING: Using make_pad_mask with a list of lengths is not tracable. If you try to trace this function with type(lengths) == list, please change the type of lengths to torch.LongTensor.
2023-11-02 13:56:49,367 (nets_utils:157) WARNING: Using make_pad_mask with a list of lengths is not tracable. If you try to trace this function with type(lengths) == list, please change the type of lengths to torch.LongTensor.
2023-11-02 13:56:56,195 (nets_utils:157) WARNING: Using make_pad_mask with a list of lengths is not tracable. If you try to trace this function with type(lengths) == list, please change the type of lengths to torch.LongTensor.
2023-11-02 13:56:56,206 (nets_utils:157) WARNING: Using make_pad_mask with a list of lengths is not tracable. If you try to trace this function with type(lengths) == list, please change the type of lengths to torch.LongTensor.
2023-11-02 13:56:59,001 (nets_utils:157) WARNING: Using make_pad_mask with a list of lengths is not tracable. If you try to trace this function with type(lengths) == list, please change the type of lengths to torch.LongTensor.
2023-11-02 13:56:59,005 (nets_utils:157) WARNING: Using make_pad_mask with a list of lengths is not tracable. If you try to trace this function with type(lengths) == list, please change the type of lengths to torch.LongTensor.
2023-11-02 13:56:59,914 (nets_utils:157) WARNING: Using make_pad_mask with a list of lengths is not tracable. If you try to trace this function with type(lengths) == list, please change the type of lengths to torch.LongTensor.
2023-11-02 13:56:59,915 (nets_utils:157) WARNING: Using make_pad_mask with a list of lengths is not tracable. If you try to trace this function with type(lengths) == list, please change the type of lengths to torch.LongTensor.
2023-11-02 13:57:00,456 (nets_utils:157) WARNING: Using make_pad_mask with a list of lengths is not tracable. If you try to trace this function with type(lengths) == list, please change the type of lengths to torch.LongTensor.
2023-11-02 13:57:00,457 (nets_utils:157) WARNING: Using make_pad_mask with a list of lengths is not tracable. If you try to trace this function with type(lengths) == list, please change the type of lengths to torch.LongTensor.
2023-11-02 13:57:01,791 (nets_utils:157) WARNING: Using make_pad_mask with a list of lengths is not tracable. If you try to trace this function with type(lengths) == list, please change the type of lengths to torch.LongTensor.
2023-11-02 13:57:01,798 (nets_utils:157) WARNING: Using make_pad_mask with a list of lengths is not tracable. If you try to trace this function with type(lengths) == list, please change the type of lengths to torch.LongTensor.
2023-11-02 13:57:04,352 (nets_utils:157) WARNING: Using make_pad_mask with a list of lengths is not tracable. If you try to trace this function with type(lengths) == list, please change the type of lengths to torch.LongTensor.
2023-11-02 13:57:04,359 (nets_utils:157) WARNING: Using make_pad_mask with a list of lengths is not tracable. If you try to trace this function with type(lengths) == list, please change the type of lengths to torch.LongTensor.
2023-11-02 13:57:10,043 (nets_utils:157) WARNING: Using make_pad_mask with a list of lengths is not tracable. If you try to trace this function with type(lengths) == list, please change the type of lengths to torch.LongTensor.
2023-11-02 13:57:10,047 (nets_utils:157) WARNING: Using make_pad_mask with a list of lengths is not tracable. If you try to trace this function with type(lengths) == list, please change the type of lengths to torch.LongTensor.
2023-11-02 13:57:10,929 (nets_utils:157) WARNING: Using make_pad_mask with a list of lengths is not tracable. If you try to trace this function with type(lengths) == list, please change the type of lengths to torch.LongTensor.
2023-11-02 13:57:10,930 (nets_utils:157) WARNING: Using make_pad_mask with a list of lengths is not tracable. If you try to trace this function with type(lengths) == list, please change the type of lengths to torch.LongTensor.
2023-11-02 13:57:11,456 (nets_utils:157) WARNING: Using make_pad_mask with a list of lengths is not tracable. If you try to trace this function with type(lengths) == list, please change the type of lengths to torch.LongTensor.
2023-11-02 13:57:11,457 (nets_utils:157) WARNING: Using make_pad_mask with a list of lengths is not tracable. If you try to trace this function with type(lengths) == list, please change the type of lengths to torch.LongTensor.
2023-11-02 13:57:12,899 (nets_utils:157) WARNING: Using make_pad_mask with a list of lengths is not tracable. If you try to trace this function with type(lengths) == list, please change the type of lengths to torch.LongTensor.
2023-11-02 13:57:12,907 (nets_utils:157) WARNING: Using make_pad_mask with a list of lengths is not tracable. If you try to trace this function with type(lengths) == list, please change the type of lengths to torch.LongTensor.
2023-11-02 13:57:15,471 (nets_utils:157) WARNING: Using make_pad_mask with a list of lengths is not tracable. If you try to trace this function with type(lengths) == list, please change the type of lengths to torch.LongTensor.
2023-11-02 13:57:15,479 (nets_utils:157) WARNING: Using make_pad_mask with a list of lengths is not tracable. If you try to trace this function with type(lengths) == list, please change the type of lengths to torch.LongTensor.
2023-11-02 13:57:21,113 (nets_utils:157) WARNING: Using make_pad_mask with a list of lengths is not tracable. If you try to trace this function with type(lengths) == list, please change the type of lengths to torch.LongTensor.
2023-11-02 13:57:21,116 (nets_utils:157) WARNING: Using make_pad_mask with a list of lengths is not tracable. If you try to trace this function with type(lengths) == list, please change the type of lengths to torch.LongTensor.
2023-11-02 13:57:22,033 (nets_utils:157) WARNING: Using make_pad_mask with a list of lengths is not tracable. If you try to trace this function with type(lengths) == list, please change the type of lengths to torch.LongTensor.
2023-11-02 13:57:22,034 (nets_utils:157) WARNING: Using make_pad_mask with a list of lengths is not tracable. If you try to trace this function with type(lengths) == list, please change the type of lengths to torch.LongTensor.
2023-11-02 13:57:22,551 (nets_utils:157) WARNING: Using make_pad_mask with a list of lengths is not tracable. If you try to trace this function with type(lengths) == list, please change the type of lengths to torch.LongTensor.
2023-11-02 13:57:22,552 (nets_utils:157) WARNING: Using make_pad_mask with a list of lengths is not tracable. If you try to trace this function with type(lengths) == list, please change the type of lengths to torch.LongTensor.
2023-11-02 13:57:23,903 (nets_utils:157) WARNING: Using make_pad_mask with a list of lengths is not tracable. If you try to trace this function with type(lengths) == list, please change the type of lengths to torch.LongTensor.
2023-11-02 13:57:23,911 (nets_utils:157) WARNING: Using make_pad_mask with a list of lengths is not tracable. If you try to trace this function with type(lengths) == list, please change the type of lengths to torch.LongTensor.
2023-11-02 13:57:29,621 (nets_utils:157) WARNING: Using make_pad_mask with a list of lengths is not tracable. If you try to trace this function with type(lengths) == list, please change the type of lengths to torch.LongTensor.
2023-11-02 13:57:29,629 (nets_utils:157) WARNING: Using make_pad_mask with a list of lengths is not tracable. If you try to trace this function with type(lengths) == list, please change the type of lengths to torch.LongTensor.
2023-11-02 13:57:32,174 (nets_utils:157) WARNING: Using make_pad_mask with a list of lengths is not tracable. If you try to trace this function with type(lengths) == list, please change the type of lengths to torch.LongTensor.
2023-11-02 13:57:32,178 (nets_utils:157) WARNING: Using make_pad_mask with a list of lengths is not tracable. If you try to trace this function with type(lengths) == list, please change the type of lengths to torch.LongTensor.
2023-11-02 13:57:33,061 (nets_utils:157) WARNING: Using make_pad_mask with a list of lengths is not tracable. If you try to trace this function with type(lengths) == list, please change the type of lengths to torch.LongTensor.
2023-11-02 13:57:33,062 (nets_utils:157) WARNING: Using make_pad_mask with a list of lengths is not tracable. If you try to trace this function with type(lengths) == list, please change the type of lengths to torch.LongTensor.
2023-11-02 13:57:33,596 (nets_utils:157) WARNING: Using make_pad_mask with a list of lengths is not tracable. If you try to trace this function with type(lengths) == list, please change the type of lengths to torch.LongTensor.
2023-11-02 13:57:33,597 (nets_utils:157) WARNING: Using make_pad_mask with a list of lengths is not tracable. If you try to trace this function with type(lengths) == list, please change the type of lengths to torch.LongTensor.
2023-11-02 13:57:35,052 (nets_utils:157) WARNING: Using make_pad_mask with a list of lengths is not tracable. If you try to trace this function with type(lengths) == list, please change the type of lengths to torch.LongTensor.
2023-11-02 13:57:35,060 (nets_utils:157) WARNING: Using make_pad_mask with a list of lengths is not tracable. If you try to trace this function with type(lengths) == list, please change the type of lengths to torch.LongTensor.
2023-11-02 13:57:37,619 (nets_utils:157) WARNING: Using make_pad_mask with a list of lengths is not tracable. If you try to trace this function with type(lengths) == list, please change the type of lengths to torch.LongTensor.
2023-11-02 13:57:37,628 (nets_utils:157) WARNING: Using make_pad_mask with a list of lengths is not tracable. If you try to trace this function with type(lengths) == list, please change the type of lengths to torch.LongTensor.
2023-11-02 13:57:43,305 (nets_utils:157) WARNING: Using make_pad_mask with a list of lengths is not tracable. If you try to trace this function with type(lengths) == list, please change the type of lengths to torch.LongTensor.
2023-11-02 13:57:43,309 (nets_utils:157) WARNING: Using make_pad_mask with a list of lengths is not tracable. If you try to trace this function with type(lengths) == list, please change the type of lengths to torch.LongTensor.
2023-11-02 13:57:44,175 (nets_utils:157) WARNING: Using make_pad_mask with a list of lengths is not tracable. If you try to trace this function with type(lengths) == list, please change the type of lengths to torch.LongTensor.
2023-11-02 13:57:44,177 (nets_utils:157) WARNING: Using make_pad_mask with a list of lengths is not tracable. If you try to trace this function with type(lengths) == list, please change the type of lengths to torch.LongTensor.
2023-11-02 13:57:44,697 (nets_utils:157) WARNING: Using make_pad_mask with a list of lengths is not tracable. If you try to trace this function with type(lengths) == list, please change the type of lengths to torch.LongTensor.
2023-11-02 13:57:44,698 (nets_utils:157) WARNING: Using make_pad_mask with a list of lengths is not tracable. If you try to trace this function with type(lengths) == list, please change the type of lengths to torch.LongTensor.
2023-11-02 13:57:46,043 (nets_utils:157) WARNING: Using make_pad_mask with a list of lengths is not tracable. If you try to trace this function with type(lengths) == list, please change the type of lengths to torch.LongTensor.
2023-11-02 13:57:46,051 (nets_utils:157) WARNING: Using make_pad_mask with a list of lengths is not tracable. If you try to trace this function with type(lengths) == list, please change the type of lengths to torch.LongTensor.
2023-11-02 13:57:51,748 (nets_utils:157) WARNING: Using make_pad_mask with a list of lengths is not tracable. If you try to trace this function with type(lengths) == list, please change the type of lengths to torch.LongTensor.
2023-11-02 13:57:51,755 (nets_utils:157) WARNING: Using make_pad_mask with a list of lengths is not tracable. If you try to trace this function with type(lengths) == list, please change the type of lengths to torch.LongTensor.
2023-11-02 13:57:54,325 (nets_utils:157) WARNING: Using make_pad_mask with a list of lengths is not tracable. If you try to trace this function with type(lengths) == list, please change the type of lengths to torch.LongTensor.
2023-11-02 13:57:54,328 (nets_utils:157) WARNING: Using make_pad_mask with a list of lengths is not tracable. If you try to trace this function with type(lengths) == list, please change the type of lengths to torch.LongTensor.
2023-11-02 13:57:55,194 (nets_utils:157) WARNING: Using make_pad_mask with a list of lengths is not tracable. If you try to trace this function with type(lengths) == list, please change the type of lengths to torch.LongTensor.
2023-11-02 13:57:55,195 (nets_utils:157) WARNING: Using make_pad_mask with a list of lengths is not tracable. If you try to trace this function with type(lengths) == list, please change the type of lengths to torch.LongTensor.
2023-11-02 13:57:55,797 (nets_utils:157) WARNING: Using make_pad_mask with a list of lengths is not tracable. If you try to trace this function with type(lengths) == list, please change the type of lengths to torch.LongTensor.
2023-11-02 13:57:55,798 (nets_utils:157) WARNING: Using make_pad_mask with a list of lengths is not tracable. If you try to trace this function with type(lengths) == list, please change the type of lengths to torch.LongTensor.
[J# Accounting: time=408 threads=1
# Ended (code 0) at Thu Nov  2 13:58:02 IST 2023, elapsed time 408 seconds
