# nnet3-xvector-compute --use-gpu=no --min-chunk-size=25 --chunk-size=10000 --cache-capacity=64 "nnet3-copy --nnet-config=exp/xvector_nnet_1a/extract.config exp/xvector_nnet_1a/final.raw - |" "ark:apply-cmvn-sliding --norm-vars=false --center=true --cmn-window=300 scp:data/train_mfcc_16k/split1/1/feats.scp ark:- | select-voiced-frames ark:- scp,s,cs:data/train_mfcc_16k/split1/1/vad.scp ark:- |" ark,scp:exp/xvector_nnet_1a/xvectors_train/xvector.1.ark,exp/xvector_nnet_1a/xvectors_train/xvector.1.scp 
# Started at Thu Nov  2 10:17:35 IST 2023
#
nnet3-xvector-compute --use-gpu=no --min-chunk-size=25 --chunk-size=10000 --cache-capacity=64 'nnet3-copy --nnet-config=exp/xvector_nnet_1a/extract.config exp/xvector_nnet_1a/final.raw - |' 'ark:apply-cmvn-sliding --norm-vars=false --center=true --cmn-window=300 scp:data/train_mfcc_16k/split1/1/feats.scp ark:- | select-voiced-frames ark:- scp,s,cs:data/train_mfcc_16k/split1/1/vad.scp ark:- |' ark,scp:exp/xvector_nnet_1a/xvectors_train/xvector.1.ark,exp/xvector_nnet_1a/xvectors_train/xvector.1.scp 
nnet3-copy --nnet-config=exp/xvector_nnet_1a/extract.config exp/xvector_nnet_1a/final.raw - 
WARNING (nnet3-copy[5.5.1076~1-1b07b5]:Check():nnet-nnet.cc:789) Node tdnn6.relu is never used to compute any output.
WARNING (nnet3-copy[5.5.1076~1-1b07b5]:Check():nnet-nnet.cc:789) Node tdnn6.batchnorm is never used to compute any output.
WARNING (nnet3-copy[5.5.1076~1-1b07b5]:Check():nnet-nnet.cc:789) Node tdnn7.affine is never used to compute any output.
WARNING (nnet3-copy[5.5.1076~1-1b07b5]:Check():nnet-nnet.cc:789) Node tdnn7.relu is never used to compute any output.
WARNING (nnet3-copy[5.5.1076~1-1b07b5]:Check():nnet-nnet.cc:789) Node tdnn7.batchnorm is never used to compute any output.
WARNING (nnet3-copy[5.5.1076~1-1b07b5]:Check():nnet-nnet.cc:789) Node output.affine is never used to compute any output.
WARNING (nnet3-copy[5.5.1076~1-1b07b5]:Check():nnet-nnet.cc:789) Node output.log-softmax is never used to compute any output.
LOG (nnet3-copy[5.5.1076~1-1b07b5]:main():nnet3-copy.cc:123) Copied raw neural net from exp/xvector_nnet_1a/final.raw to -
WARNING (nnet3-xvector-compute[5.5.1076~1-1b07b5]:Check():nnet-nnet.cc:789) Node tdnn6.relu is never used to compute any output.
WARNING (nnet3-xvector-compute[5.5.1076~1-1b07b5]:Check():nnet-nnet.cc:789) Node tdnn6.batchnorm is never used to compute any output.
WARNING (nnet3-xvector-compute[5.5.1076~1-1b07b5]:Check():nnet-nnet.cc:789) Node tdnn7.affine is never used to compute any output.
WARNING (nnet3-xvector-compute[5.5.1076~1-1b07b5]:Check():nnet-nnet.cc:789) Node tdnn7.relu is never used to compute any output.
WARNING (nnet3-xvector-compute[5.5.1076~1-1b07b5]:Check():nnet-nnet.cc:789) Node tdnn7.batchnorm is never used to compute any output.
WARNING (nnet3-xvector-compute[5.5.1076~1-1b07b5]:Check():nnet-nnet.cc:789) Node output.affine is never used to compute any output.
WARNING (nnet3-xvector-compute[5.5.1076~1-1b07b5]:Check():nnet-nnet.cc:789) Node output.log-softmax is never used to compute any output.
LOG (nnet3-xvector-compute[5.5.1076~1-1b07b5]:RemoveOrphanNodes():nnet-nnet.cc:948) Removed 7 orphan nodes.
LOG (nnet3-xvector-compute[5.5.1076~1-1b07b5]:RemoveOrphanComponents():nnet-nnet.cc:847) Removing 7 orphan components.
LOG (nnet3-xvector-compute[5.5.1076~1-1b07b5]:Collapse():nnet-utils.cc:1488) Added 0 components, removed 7
select-voiced-frames ark:- scp,s,cs:data/train_mfcc_16k/split1/1/vad.scp ark:- 
apply-cmvn-sliding --norm-vars=false --center=true --cmn-window=300 scp:data/train_mfcc_16k/split1/1/feats.scp ark:- 
LOG (nnet3-xvector-compute[5.5.1076~1-1b07b5]:main():nnet3-xvector-compute.cc:182) Chunk size of 10000 is greater than the number of rows in utterance: 001, using chunk size  of 274
LOG (nnet3-xvector-compute[5.5.1076~1-1b07b5]:main():nnet3-xvector-compute.cc:182) Chunk size of 10000 is greater than the number of rows in utterance: 002, using chunk size  of 177
LOG (nnet3-xvector-compute[5.5.1076~1-1b07b5]:main():nnet3-xvector-compute.cc:182) Chunk size of 10000 is greater than the number of rows in utterance: 003, using chunk size  of 244
LOG (nnet3-xvector-compute[5.5.1076~1-1b07b5]:main():nnet3-xvector-compute.cc:182) Chunk size of 10000 is greater than the number of rows in utterance: 004, using chunk size  of 165
LOG (nnet3-xvector-compute[5.5.1076~1-1b07b5]:main():nnet3-xvector-compute.cc:182) Chunk size of 10000 is greater than the number of rows in utterance: 005, using chunk size  of 56
LOG (nnet3-xvector-compute[5.5.1076~1-1b07b5]:main():nnet3-xvector-compute.cc:182) Chunk size of 10000 is greater than the number of rows in utterance: 006, using chunk size  of 58
LOG (nnet3-xvector-compute[5.5.1076~1-1b07b5]:main():nnet3-xvector-compute.cc:182) Chunk size of 10000 is greater than the number of rows in utterance: 007, using chunk size  of 65
LOG (nnet3-xvector-compute[5.5.1076~1-1b07b5]:main():nnet3-xvector-compute.cc:182) Chunk size of 10000 is greater than the number of rows in utterance: 008, using chunk size  of 193
LOG (nnet3-xvector-compute[5.5.1076~1-1b07b5]:main():nnet3-xvector-compute.cc:182) Chunk size of 10000 is greater than the number of rows in utterance: 009, using chunk size  of 180
LOG (nnet3-xvector-compute[5.5.1076~1-1b07b5]:main():nnet3-xvector-compute.cc:182) Chunk size of 10000 is greater than the number of rows in utterance: 010, using chunk size  of 127
LOG (nnet3-xvector-compute[5.5.1076~1-1b07b5]:main():nnet3-xvector-compute.cc:182) Chunk size of 10000 is greater than the number of rows in utterance: 011, using chunk size  of 135
LOG (nnet3-xvector-compute[5.5.1076~1-1b07b5]:main():nnet3-xvector-compute.cc:182) Chunk size of 10000 is greater than the number of rows in utterance: 012, using chunk size  of 252
LOG (nnet3-xvector-compute[5.5.1076~1-1b07b5]:main():nnet3-xvector-compute.cc:182) Chunk size of 10000 is greater than the number of rows in utterance: 013, using chunk size  of 52
LOG (nnet3-xvector-compute[5.5.1076~1-1b07b5]:main():nnet3-xvector-compute.cc:182) Chunk size of 10000 is greater than the number of rows in utterance: 014, using chunk size  of 157
LOG (nnet3-xvector-compute[5.5.1076~1-1b07b5]:main():nnet3-xvector-compute.cc:182) Chunk size of 10000 is greater than the number of rows in utterance: 015, using chunk size  of 63
LOG (nnet3-xvector-compute[5.5.1076~1-1b07b5]:main():nnet3-xvector-compute.cc:182) Chunk size of 10000 is greater than the number of rows in utterance: 016, using chunk size  of 202
LOG (nnet3-xvector-compute[5.5.1076~1-1b07b5]:main():nnet3-xvector-compute.cc:182) Chunk size of 10000 is greater than the number of rows in utterance: 017, using chunk size  of 311
LOG (nnet3-xvector-compute[5.5.1076~1-1b07b5]:main():nnet3-xvector-compute.cc:182) Chunk size of 10000 is greater than the number of rows in utterance: 018, using chunk size  of 55
LOG (nnet3-xvector-compute[5.5.1076~1-1b07b5]:main():nnet3-xvector-compute.cc:182) Chunk size of 10000 is greater than the number of rows in utterance: 019, using chunk size  of 166
LOG (nnet3-xvector-compute[5.5.1076~1-1b07b5]:main():nnet3-xvector-compute.cc:182) Chunk size of 10000 is greater than the number of rows in utterance: 020, using chunk size  of 228
LOG (nnet3-xvector-compute[5.5.1076~1-1b07b5]:main():nnet3-xvector-compute.cc:182) Chunk size of 10000 is greater than the number of rows in utterance: 021, using chunk size  of 148
LOG (nnet3-xvector-compute[5.5.1076~1-1b07b5]:main():nnet3-xvector-compute.cc:182) Chunk size of 10000 is greater than the number of rows in utterance: 022, using chunk size  of 44
LOG (nnet3-xvector-compute[5.5.1076~1-1b07b5]:main():nnet3-xvector-compute.cc:182) Chunk size of 10000 is greater than the number of rows in utterance: 023, using chunk size  of 128
LOG (nnet3-xvector-compute[5.5.1076~1-1b07b5]:main():nnet3-xvector-compute.cc:182) Chunk size of 10000 is greater than the number of rows in utterance: 024, using chunk size  of 172
LOG (nnet3-xvector-compute[5.5.1076~1-1b07b5]:main():nnet3-xvector-compute.cc:182) Chunk size of 10000 is greater than the number of rows in utterance: 025, using chunk size  of 165
LOG (nnet3-xvector-compute[5.5.1076~1-1b07b5]:main():nnet3-xvector-compute.cc:182) Chunk size of 10000 is greater than the number of rows in utterance: 026, using chunk size  of 35
LOG (nnet3-xvector-compute[5.5.1076~1-1b07b5]:main():nnet3-xvector-compute.cc:182) Chunk size of 10000 is greater than the number of rows in utterance: 027, using chunk size  of 178
LOG (nnet3-xvector-compute[5.5.1076~1-1b07b5]:main():nnet3-xvector-compute.cc:182) Chunk size of 10000 is greater than the number of rows in utterance: 028, using chunk size  of 180
LOG (nnet3-xvector-compute[5.5.1076~1-1b07b5]:main():nnet3-xvector-compute.cc:182) Chunk size of 10000 is greater than the number of rows in utterance: 029, using chunk size  of 53
LOG (nnet3-xvector-compute[5.5.1076~1-1b07b5]:main():nnet3-xvector-compute.cc:182) Chunk size of 10000 is greater than the number of rows in utterance: 030, using chunk size  of 174
LOG (nnet3-xvector-compute[5.5.1076~1-1b07b5]:main():nnet3-xvector-compute.cc:182) Chunk size of 10000 is greater than the number of rows in utterance: 031, using chunk size  of 58
LOG (nnet3-xvector-compute[5.5.1076~1-1b07b5]:main():nnet3-xvector-compute.cc:182) Chunk size of 10000 is greater than the number of rows in utterance: 032, using chunk size  of 56
LOG (nnet3-xvector-compute[5.5.1076~1-1b07b5]:main():nnet3-xvector-compute.cc:182) Chunk size of 10000 is greater than the number of rows in utterance: 033, using chunk size  of 51
LOG (nnet3-xvector-compute[5.5.1076~1-1b07b5]:main():nnet3-xvector-compute.cc:182) Chunk size of 10000 is greater than the number of rows in utterance: 034, using chunk size  of 248
LOG (nnet3-xvector-compute[5.5.1076~1-1b07b5]:main():nnet3-xvector-compute.cc:182) Chunk size of 10000 is greater than the number of rows in utterance: 035, using chunk size  of 57
LOG (nnet3-xvector-compute[5.5.1076~1-1b07b5]:main():nnet3-xvector-compute.cc:182) Chunk size of 10000 is greater than the number of rows in utterance: 036, using chunk size  of 175
LOG (nnet3-xvector-compute[5.5.1076~1-1b07b5]:main():nnet3-xvector-compute.cc:182) Chunk size of 10000 is greater than the number of rows in utterance: 037, using chunk size  of 63
LOG (nnet3-xvector-compute[5.5.1076~1-1b07b5]:main():nnet3-xvector-compute.cc:182) Chunk size of 10000 is greater than the number of rows in utterance: 038, using chunk size  of 71
LOG (nnet3-xvector-compute[5.5.1076~1-1b07b5]:main():nnet3-xvector-compute.cc:182) Chunk size of 10000 is greater than the number of rows in utterance: 039, using chunk size  of 199
LOG (nnet3-xvector-compute[5.5.1076~1-1b07b5]:main():nnet3-xvector-compute.cc:182) Chunk size of 10000 is greater than the number of rows in utterance: 040, using chunk size  of 51
LOG (nnet3-xvector-compute[5.5.1076~1-1b07b5]:main():nnet3-xvector-compute.cc:182) Chunk size of 10000 is greater than the number of rows in utterance: 041, using chunk size  of 46
LOG (nnet3-xvector-compute[5.5.1076~1-1b07b5]:main():nnet3-xvector-compute.cc:182) Chunk size of 10000 is greater than the number of rows in utterance: 042, using chunk size  of 39
LOG (nnet3-xvector-compute[5.5.1076~1-1b07b5]:main():nnet3-xvector-compute.cc:182) Chunk size of 10000 is greater than the number of rows in utterance: 043, using chunk size  of 223
LOG (nnet3-xvector-compute[5.5.1076~1-1b07b5]:main():nnet3-xvector-compute.cc:182) Chunk size of 10000 is greater than the number of rows in utterance: 044, using chunk size  of 159
LOG (nnet3-xvector-compute[5.5.1076~1-1b07b5]:main():nnet3-xvector-compute.cc:182) Chunk size of 10000 is greater than the number of rows in utterance: 045, using chunk size  of 189
LOG (nnet3-xvector-compute[5.5.1076~1-1b07b5]:main():nnet3-xvector-compute.cc:182) Chunk size of 10000 is greater than the number of rows in utterance: 046, using chunk size  of 170
LOG (nnet3-xvector-compute[5.5.1076~1-1b07b5]:main():nnet3-xvector-compute.cc:182) Chunk size of 10000 is greater than the number of rows in utterance: 047, using chunk size  of 63
LOG (nnet3-xvector-compute[5.5.1076~1-1b07b5]:main():nnet3-xvector-compute.cc:182) Chunk size of 10000 is greater than the number of rows in utterance: 048, using chunk size  of 185
LOG (nnet3-xvector-compute[5.5.1076~1-1b07b5]:main():nnet3-xvector-compute.cc:182) Chunk size of 10000 is greater than the number of rows in utterance: 049, using chunk size  of 242
LOG (nnet3-xvector-compute[5.5.1076~1-1b07b5]:main():nnet3-xvector-compute.cc:182) Chunk size of 10000 is greater than the number of rows in utterance: 050, using chunk size  of 74
LOG (nnet3-xvector-compute[5.5.1076~1-1b07b5]:main():nnet3-xvector-compute.cc:182) Chunk size of 10000 is greater than the number of rows in utterance: 051, using chunk size  of 173
LOG (nnet3-xvector-compute[5.5.1076~1-1b07b5]:main():nnet3-xvector-compute.cc:182) Chunk size of 10000 is greater than the number of rows in utterance: 052, using chunk size  of 196
LOG (nnet3-xvector-compute[5.5.1076~1-1b07b5]:main():nnet3-xvector-compute.cc:182) Chunk size of 10000 is greater than the number of rows in utterance: 053, using chunk size  of 185
LOG (nnet3-xvector-compute[5.5.1076~1-1b07b5]:main():nnet3-xvector-compute.cc:182) Chunk size of 10000 is greater than the number of rows in utterance: 054, using chunk size  of 165
LOG (nnet3-xvector-compute[5.5.1076~1-1b07b5]:main():nnet3-xvector-compute.cc:182) Chunk size of 10000 is greater than the number of rows in utterance: 055, using chunk size  of 173
LOG (nnet3-xvector-compute[5.5.1076~1-1b07b5]:main():nnet3-xvector-compute.cc:182) Chunk size of 10000 is greater than the number of rows in utterance: 056, using chunk size  of 196
LOG (nnet3-xvector-compute[5.5.1076~1-1b07b5]:main():nnet3-xvector-compute.cc:182) Chunk size of 10000 is greater than the number of rows in utterance: 057, using chunk size  of 53
LOG (nnet3-xvector-compute[5.5.1076~1-1b07b5]:main():nnet3-xvector-compute.cc:182) Chunk size of 10000 is greater than the number of rows in utterance: 058, using chunk size  of 323
LOG (nnet3-xvector-compute[5.5.1076~1-1b07b5]:main():nnet3-xvector-compute.cc:182) Chunk size of 10000 is greater than the number of rows in utterance: 059, using chunk size  of 35
LOG (nnet3-xvector-compute[5.5.1076~1-1b07b5]:main():nnet3-xvector-compute.cc:182) Chunk size of 10000 is greater than the number of rows in utterance: 060, using chunk size  of 63
LOG (nnet3-xvector-compute[5.5.1076~1-1b07b5]:main():nnet3-xvector-compute.cc:182) Chunk size of 10000 is greater than the number of rows in utterance: 061, using chunk size  of 56
LOG (nnet3-xvector-compute[5.5.1076~1-1b07b5]:main():nnet3-xvector-compute.cc:182) Chunk size of 10000 is greater than the number of rows in utterance: 062, using chunk size  of 162
LOG (nnet3-xvector-compute[5.5.1076~1-1b07b5]:main():nnet3-xvector-compute.cc:182) Chunk size of 10000 is greater than the number of rows in utterance: 063, using chunk size  of 169
LOG (nnet3-xvector-compute[5.5.1076~1-1b07b5]:main():nnet3-xvector-compute.cc:182) Chunk size of 10000 is greater than the number of rows in utterance: 064, using chunk size  of 54
LOG (nnet3-xvector-compute[5.5.1076~1-1b07b5]:main():nnet3-xvector-compute.cc:182) Chunk size of 10000 is greater than the number of rows in utterance: 065, using chunk size  of 141
LOG (nnet3-xvector-compute[5.5.1076~1-1b07b5]:main():nnet3-xvector-compute.cc:182) Chunk size of 10000 is greater than the number of rows in utterance: 066, using chunk size  of 179
LOG (nnet3-xvector-compute[5.5.1076~1-1b07b5]:main():nnet3-xvector-compute.cc:182) Chunk size of 10000 is greater than the number of rows in utterance: 067, using chunk size  of 161
LOG (nnet3-xvector-compute[5.5.1076~1-1b07b5]:main():nnet3-xvector-compute.cc:182) Chunk size of 10000 is greater than the number of rows in utterance: 068, using chunk size  of 171
LOG (nnet3-xvector-compute[5.5.1076~1-1b07b5]:main():nnet3-xvector-compute.cc:182) Chunk size of 10000 is greater than the number of rows in utterance: 069, using chunk size  of 152
LOG (nnet3-xvector-compute[5.5.1076~1-1b07b5]:main():nnet3-xvector-compute.cc:182) Chunk size of 10000 is greater than the number of rows in utterance: 070, using chunk size  of 53
LOG (nnet3-xvector-compute[5.5.1076~1-1b07b5]:main():nnet3-xvector-compute.cc:182) Chunk size of 10000 is greater than the number of rows in utterance: 071, using chunk size  of 177
LOG (nnet3-xvector-compute[5.5.1076~1-1b07b5]:main():nnet3-xvector-compute.cc:182) Chunk size of 10000 is greater than the number of rows in utterance: 072, using chunk size  of 278
LOG (nnet3-xvector-compute[5.5.1076~1-1b07b5]:main():nnet3-xvector-compute.cc:182) Chunk size of 10000 is greater than the number of rows in utterance: 073, using chunk size  of 176
LOG (nnet3-xvector-compute[5.5.1076~1-1b07b5]:main():nnet3-xvector-compute.cc:182) Chunk size of 10000 is greater than the number of rows in utterance: 074, using chunk size  of 60
LOG (nnet3-xvector-compute[5.5.1076~1-1b07b5]:main():nnet3-xvector-compute.cc:182) Chunk size of 10000 is greater than the number of rows in utterance: 075, using chunk size  of 72
LOG (nnet3-xvector-compute[5.5.1076~1-1b07b5]:main():nnet3-xvector-compute.cc:182) Chunk size of 10000 is greater than the number of rows in utterance: 076, using chunk size  of 160
LOG (nnet3-xvector-compute[5.5.1076~1-1b07b5]:main():nnet3-xvector-compute.cc:182) Chunk size of 10000 is greater than the number of rows in utterance: 077, using chunk size  of 272
LOG (nnet3-xvector-compute[5.5.1076~1-1b07b5]:main():nnet3-xvector-compute.cc:182) Chunk size of 10000 is greater than the number of rows in utterance: 078, using chunk size  of 230
LOG (nnet3-xvector-compute[5.5.1076~1-1b07b5]:main():nnet3-xvector-compute.cc:182) Chunk size of 10000 is greater than the number of rows in utterance: 079, using chunk size  of 153
LOG (nnet3-xvector-compute[5.5.1076~1-1b07b5]:main():nnet3-xvector-compute.cc:182) Chunk size of 10000 is greater than the number of rows in utterance: 080, using chunk size  of 231
LOG (nnet3-xvector-compute[5.5.1076~1-1b07b5]:main():nnet3-xvector-compute.cc:182) Chunk size of 10000 is greater than the number of rows in utterance: 081, using chunk size  of 53
LOG (nnet3-xvector-compute[5.5.1076~1-1b07b5]:main():nnet3-xvector-compute.cc:182) Chunk size of 10000 is greater than the number of rows in utterance: 082, using chunk size  of 51
LOG (nnet3-xvector-compute[5.5.1076~1-1b07b5]:main():nnet3-xvector-compute.cc:182) Chunk size of 10000 is greater than the number of rows in utterance: 083, using chunk size  of 252
LOG (nnet3-xvector-compute[5.5.1076~1-1b07b5]:main():nnet3-xvector-compute.cc:182) Chunk size of 10000 is greater than the number of rows in utterance: 084, using chunk size  of 128
LOG (nnet3-xvector-compute[5.5.1076~1-1b07b5]:main():nnet3-xvector-compute.cc:182) Chunk size of 10000 is greater than the number of rows in utterance: 085, using chunk size  of 172
LOG (nnet3-xvector-compute[5.5.1076~1-1b07b5]:main():nnet3-xvector-compute.cc:182) Chunk size of 10000 is greater than the number of rows in utterance: 086, using chunk size  of 207
LOG (nnet3-xvector-compute[5.5.1076~1-1b07b5]:main():nnet3-xvector-compute.cc:182) Chunk size of 10000 is greater than the number of rows in utterance: 087, using chunk size  of 44
LOG (nnet3-xvector-compute[5.5.1076~1-1b07b5]:main():nnet3-xvector-compute.cc:182) Chunk size of 10000 is greater than the number of rows in utterance: 088, using chunk size  of 48
LOG (nnet3-xvector-compute[5.5.1076~1-1b07b5]:main():nnet3-xvector-compute.cc:182) Chunk size of 10000 is greater than the number of rows in utterance: 089, using chunk size  of 126
LOG (nnet3-xvector-compute[5.5.1076~1-1b07b5]:main():nnet3-xvector-compute.cc:182) Chunk size of 10000 is greater than the number of rows in utterance: 090, using chunk size  of 138
LOG (nnet3-xvector-compute[5.5.1076~1-1b07b5]:main():nnet3-xvector-compute.cc:182) Chunk size of 10000 is greater than the number of rows in utterance: 091, using chunk size  of 193
LOG (nnet3-xvector-compute[5.5.1076~1-1b07b5]:main():nnet3-xvector-compute.cc:182) Chunk size of 10000 is greater than the number of rows in utterance: 092, using chunk size  of 67
LOG (nnet3-xvector-compute[5.5.1076~1-1b07b5]:main():nnet3-xvector-compute.cc:182) Chunk size of 10000 is greater than the number of rows in utterance: 093, using chunk size  of 207
LOG (nnet3-xvector-compute[5.5.1076~1-1b07b5]:main():nnet3-xvector-compute.cc:182) Chunk size of 10000 is greater than the number of rows in utterance: 094, using chunk size  of 187
LOG (nnet3-xvector-compute[5.5.1076~1-1b07b5]:main():nnet3-xvector-compute.cc:182) Chunk size of 10000 is greater than the number of rows in utterance: 095, using chunk size  of 223
LOG (nnet3-xvector-compute[5.5.1076~1-1b07b5]:main():nnet3-xvector-compute.cc:182) Chunk size of 10000 is greater than the number of rows in utterance: 096, using chunk size  of 44
LOG (nnet3-xvector-compute[5.5.1076~1-1b07b5]:main():nnet3-xvector-compute.cc:182) Chunk size of 10000 is greater than the number of rows in utterance: 097, using chunk size  of 69
LOG (nnet3-xvector-compute[5.5.1076~1-1b07b5]:main():nnet3-xvector-compute.cc:182) Chunk size of 10000 is greater than the number of rows in utterance: 098, using chunk size  of 63
LOG (nnet3-xvector-compute[5.5.1076~1-1b07b5]:main():nnet3-xvector-compute.cc:182) Chunk size of 10000 is greater than the number of rows in utterance: 099, using chunk size  of 210
LOG (nnet3-xvector-compute[5.5.1076~1-1b07b5]:main():nnet3-xvector-compute.cc:182) Chunk size of 10000 is greater than the number of rows in utterance: 100, using chunk size  of 49
LOG (nnet3-xvector-compute[5.5.1076~1-1b07b5]:main():nnet3-xvector-compute.cc:182) Chunk size of 10000 is greater than the number of rows in utterance: 101, using chunk size  of 220
LOG (nnet3-xvector-compute[5.5.1076~1-1b07b5]:main():nnet3-xvector-compute.cc:182) Chunk size of 10000 is greater than the number of rows in utterance: 102, using chunk size  of 28
LOG (nnet3-xvector-compute[5.5.1076~1-1b07b5]:main():nnet3-xvector-compute.cc:182) Chunk size of 10000 is greater than the number of rows in utterance: 103, using chunk size  of 118
LOG (nnet3-xvector-compute[5.5.1076~1-1b07b5]:main():nnet3-xvector-compute.cc:182) Chunk size of 10000 is greater than the number of rows in utterance: 104, using chunk size  of 76
LOG (nnet3-xvector-compute[5.5.1076~1-1b07b5]:main():nnet3-xvector-compute.cc:182) Chunk size of 10000 is greater than the number of rows in utterance: 105, using chunk size  of 60
LOG (nnet3-xvector-compute[5.5.1076~1-1b07b5]:main():nnet3-xvector-compute.cc:182) Chunk size of 10000 is greater than the number of rows in utterance: 106, using chunk size  of 195
LOG (nnet3-xvector-compute[5.5.1076~1-1b07b5]:main():nnet3-xvector-compute.cc:182) Chunk size of 10000 is greater than the number of rows in utterance: 107, using chunk size  of 60
LOG (nnet3-xvector-compute[5.5.1076~1-1b07b5]:main():nnet3-xvector-compute.cc:182) Chunk size of 10000 is greater than the number of rows in utterance: 108, using chunk size  of 210
LOG (nnet3-xvector-compute[5.5.1076~1-1b07b5]:main():nnet3-xvector-compute.cc:182) Chunk size of 10000 is greater than the number of rows in utterance: 164, using chunk size  of 166
LOG (nnet3-xvector-compute[5.5.1076~1-1b07b5]:main():nnet3-xvector-compute.cc:182) Chunk size of 10000 is greater than the number of rows in utterance: 165, using chunk size  of 101
LOG (nnet3-xvector-compute[5.5.1076~1-1b07b5]:main():nnet3-xvector-compute.cc:182) Chunk size of 10000 is greater than the number of rows in utterance: 166, using chunk size  of 56
LOG (nnet3-xvector-compute[5.5.1076~1-1b07b5]:main():nnet3-xvector-compute.cc:182) Chunk size of 10000 is greater than the number of rows in utterance: 167, using chunk size  of 207
LOG (nnet3-xvector-compute[5.5.1076~1-1b07b5]:main():nnet3-xvector-compute.cc:182) Chunk size of 10000 is greater than the number of rows in utterance: 168, using chunk size  of 140
LOG (nnet3-xvector-compute[5.5.1076~1-1b07b5]:main():nnet3-xvector-compute.cc:182) Chunk size of 10000 is greater than the number of rows in utterance: 169, using chunk size  of 160
LOG (nnet3-xvector-compute[5.5.1076~1-1b07b5]:main():nnet3-xvector-compute.cc:182) Chunk size of 10000 is greater than the number of rows in utterance: 170, using chunk size  of 65
LOG (nnet3-xvector-compute[5.5.1076~1-1b07b5]:main():nnet3-xvector-compute.cc:182) Chunk size of 10000 is greater than the number of rows in utterance: 171, using chunk size  of 90
LOG (nnet3-xvector-compute[5.5.1076~1-1b07b5]:main():nnet3-xvector-compute.cc:182) Chunk size of 10000 is greater than the number of rows in utterance: 172, using chunk size  of 306
LOG (nnet3-xvector-compute[5.5.1076~1-1b07b5]:main():nnet3-xvector-compute.cc:182) Chunk size of 10000 is greater than the number of rows in utterance: 173, using chunk size  of 47
LOG (nnet3-xvector-compute[5.5.1076~1-1b07b5]:main():nnet3-xvector-compute.cc:182) Chunk size of 10000 is greater than the number of rows in utterance: 174, using chunk size  of 65
LOG (nnet3-xvector-compute[5.5.1076~1-1b07b5]:main():nnet3-xvector-compute.cc:182) Chunk size of 10000 is greater than the number of rows in utterance: 175, using chunk size  of 42
LOG (nnet3-xvector-compute[5.5.1076~1-1b07b5]:main():nnet3-xvector-compute.cc:182) Chunk size of 10000 is greater than the number of rows in utterance: 176, using chunk size  of 215
LOG (nnet3-xvector-compute[5.5.1076~1-1b07b5]:main():nnet3-xvector-compute.cc:182) Chunk size of 10000 is greater than the number of rows in utterance: 177, using chunk size  of 70
LOG (nnet3-xvector-compute[5.5.1076~1-1b07b5]:main():nnet3-xvector-compute.cc:182) Chunk size of 10000 is greater than the number of rows in utterance: 178, using chunk size  of 181
LOG (nnet3-xvector-compute[5.5.1076~1-1b07b5]:main():nnet3-xvector-compute.cc:182) Chunk size of 10000 is greater than the number of rows in utterance: 179, using chunk size  of 165
LOG (nnet3-xvector-compute[5.5.1076~1-1b07b5]:main():nnet3-xvector-compute.cc:182) Chunk size of 10000 is greater than the number of rows in utterance: 180, using chunk size  of 162
LOG (nnet3-xvector-compute[5.5.1076~1-1b07b5]:main():nnet3-xvector-compute.cc:182) Chunk size of 10000 is greater than the number of rows in utterance: 181, using chunk size  of 248
LOG (nnet3-xvector-compute[5.5.1076~1-1b07b5]:main():nnet3-xvector-compute.cc:182) Chunk size of 10000 is greater than the number of rows in utterance: 182, using chunk size  of 184
LOG (nnet3-xvector-compute[5.5.1076~1-1b07b5]:main():nnet3-xvector-compute.cc:182) Chunk size of 10000 is greater than the number of rows in utterance: 183, using chunk size  of 160
LOG (nnet3-xvector-compute[5.5.1076~1-1b07b5]:main():nnet3-xvector-compute.cc:182) Chunk size of 10000 is greater than the number of rows in utterance: 184, using chunk size  of 67
LOG (nnet3-xvector-compute[5.5.1076~1-1b07b5]:main():nnet3-xvector-compute.cc:182) Chunk size of 10000 is greater than the number of rows in utterance: 185, using chunk size  of 175
LOG (nnet3-xvector-compute[5.5.1076~1-1b07b5]:main():nnet3-xvector-compute.cc:182) Chunk size of 10000 is greater than the number of rows in utterance: 186, using chunk size  of 240
LOG (nnet3-xvector-compute[5.5.1076~1-1b07b5]:main():nnet3-xvector-compute.cc:182) Chunk size of 10000 is greater than the number of rows in utterance: 187, using chunk size  of 48
LOG (nnet3-xvector-compute[5.5.1076~1-1b07b5]:main():nnet3-xvector-compute.cc:182) Chunk size of 10000 is greater than the number of rows in utterance: 188, using chunk size  of 204
LOG (nnet3-xvector-compute[5.5.1076~1-1b07b5]:main():nnet3-xvector-compute.cc:182) Chunk size of 10000 is greater than the number of rows in utterance: 189, using chunk size  of 51
LOG (nnet3-xvector-compute[5.5.1076~1-1b07b5]:main():nnet3-xvector-compute.cc:182) Chunk size of 10000 is greater than the number of rows in utterance: 190, using chunk size  of 268
LOG (nnet3-xvector-compute[5.5.1076~1-1b07b5]:main():nnet3-xvector-compute.cc:182) Chunk size of 10000 is greater than the number of rows in utterance: 191, using chunk size  of 249
LOG (nnet3-xvector-compute[5.5.1076~1-1b07b5]:main():nnet3-xvector-compute.cc:182) Chunk size of 10000 is greater than the number of rows in utterance: 192, using chunk size  of 135
LOG (nnet3-xvector-compute[5.5.1076~1-1b07b5]:main():nnet3-xvector-compute.cc:182) Chunk size of 10000 is greater than the number of rows in utterance: 193, using chunk size  of 222
LOG (nnet3-xvector-compute[5.5.1076~1-1b07b5]:main():nnet3-xvector-compute.cc:182) Chunk size of 10000 is greater than the number of rows in utterance: 194, using chunk size  of 309
LOG (nnet3-xvector-compute[5.5.1076~1-1b07b5]:main():nnet3-xvector-compute.cc:182) Chunk size of 10000 is greater than the number of rows in utterance: 195, using chunk size  of 183
LOG (nnet3-xvector-compute[5.5.1076~1-1b07b5]:main():nnet3-xvector-compute.cc:182) Chunk size of 10000 is greater than the number of rows in utterance: 196, using chunk size  of 193
LOG (nnet3-xvector-compute[5.5.1076~1-1b07b5]:main():nnet3-xvector-compute.cc:182) Chunk size of 10000 is greater than the number of rows in utterance: 197, using chunk size  of 106
LOG (nnet3-xvector-compute[5.5.1076~1-1b07b5]:main():nnet3-xvector-compute.cc:182) Chunk size of 10000 is greater than the number of rows in utterance: 198, using chunk size  of 70
LOG (nnet3-xvector-compute[5.5.1076~1-1b07b5]:main():nnet3-xvector-compute.cc:182) Chunk size of 10000 is greater than the number of rows in utterance: 199, using chunk size  of 171
LOG (nnet3-xvector-compute[5.5.1076~1-1b07b5]:main():nnet3-xvector-compute.cc:182) Chunk size of 10000 is greater than the number of rows in utterance: 200, using chunk size  of 67
LOG (nnet3-xvector-compute[5.5.1076~1-1b07b5]:main():nnet3-xvector-compute.cc:182) Chunk size of 10000 is greater than the number of rows in utterance: 201, using chunk size  of 182
LOG (nnet3-xvector-compute[5.5.1076~1-1b07b5]:main():nnet3-xvector-compute.cc:182) Chunk size of 10000 is greater than the number of rows in utterance: 202, using chunk size  of 136
LOG (nnet3-xvector-compute[5.5.1076~1-1b07b5]:main():nnet3-xvector-compute.cc:182) Chunk size of 10000 is greater than the number of rows in utterance: 203, using chunk size  of 46
LOG (nnet3-xvector-compute[5.5.1076~1-1b07b5]:main():nnet3-xvector-compute.cc:182) Chunk size of 10000 is greater than the number of rows in utterance: 204, using chunk size  of 67
LOG (nnet3-xvector-compute[5.5.1076~1-1b07b5]:main():nnet3-xvector-compute.cc:182) Chunk size of 10000 is greater than the number of rows in utterance: 205, using chunk size  of 131
LOG (nnet3-xvector-compute[5.5.1076~1-1b07b5]:main():nnet3-xvector-compute.cc:182) Chunk size of 10000 is greater than the number of rows in utterance: 206, using chunk size  of 186
LOG (nnet3-xvector-compute[5.5.1076~1-1b07b5]:main():nnet3-xvector-compute.cc:182) Chunk size of 10000 is greater than the number of rows in utterance: 207, using chunk size  of 112
LOG (nnet3-xvector-compute[5.5.1076~1-1b07b5]:main():nnet3-xvector-compute.cc:182) Chunk size of 10000 is greater than the number of rows in utterance: 208, using chunk size  of 163
LOG (nnet3-xvector-compute[5.5.1076~1-1b07b5]:main():nnet3-xvector-compute.cc:182) Chunk size of 10000 is greater than the number of rows in utterance: 209, using chunk size  of 246
LOG (nnet3-xvector-compute[5.5.1076~1-1b07b5]:main():nnet3-xvector-compute.cc:182) Chunk size of 10000 is greater than the number of rows in utterance: 210, using chunk size  of 54
LOG (nnet3-xvector-compute[5.5.1076~1-1b07b5]:main():nnet3-xvector-compute.cc:182) Chunk size of 10000 is greater than the number of rows in utterance: 211, using chunk size  of 277
LOG (nnet3-xvector-compute[5.5.1076~1-1b07b5]:main():nnet3-xvector-compute.cc:182) Chunk size of 10000 is greater than the number of rows in utterance: 212, using chunk size  of 139
LOG (nnet3-xvector-compute[5.5.1076~1-1b07b5]:main():nnet3-xvector-compute.cc:182) Chunk size of 10000 is greater than the number of rows in utterance: 213, using chunk size  of 201
LOG (nnet3-xvector-compute[5.5.1076~1-1b07b5]:main():nnet3-xvector-compute.cc:182) Chunk size of 10000 is greater than the number of rows in utterance: 214, using chunk size  of 83
LOG (nnet3-xvector-compute[5.5.1076~1-1b07b5]:main():nnet3-xvector-compute.cc:182) Chunk size of 10000 is greater than the number of rows in utterance: 215, using chunk size  of 158
LOG (nnet3-xvector-compute[5.5.1076~1-1b07b5]:main():nnet3-xvector-compute.cc:182) Chunk size of 10000 is greater than the number of rows in utterance: 216, using chunk size  of 195
LOG (nnet3-xvector-compute[5.5.1076~1-1b07b5]:main():nnet3-xvector-compute.cc:182) Chunk size of 10000 is greater than the number of rows in utterance: 217, using chunk size  of 42
LOG (nnet3-xvector-compute[5.5.1076~1-1b07b5]:main():nnet3-xvector-compute.cc:182) Chunk size of 10000 is greater than the number of rows in utterance: 218, using chunk size  of 125
LOG (nnet3-xvector-compute[5.5.1076~1-1b07b5]:main():nnet3-xvector-compute.cc:182) Chunk size of 10000 is greater than the number of rows in utterance: 219, using chunk size  of 154
LOG (nnet3-xvector-compute[5.5.1076~1-1b07b5]:main():nnet3-xvector-compute.cc:182) Chunk size of 10000 is greater than the number of rows in utterance: 220, using chunk size  of 151
LOG (nnet3-xvector-compute[5.5.1076~1-1b07b5]:main():nnet3-xvector-compute.cc:182) Chunk size of 10000 is greater than the number of rows in utterance: 221, using chunk size  of 197
LOG (nnet3-xvector-compute[5.5.1076~1-1b07b5]:main():nnet3-xvector-compute.cc:182) Chunk size of 10000 is greater than the number of rows in utterance: 222, using chunk size  of 60
LOG (nnet3-xvector-compute[5.5.1076~1-1b07b5]:main():nnet3-xvector-compute.cc:182) Chunk size of 10000 is greater than the number of rows in utterance: 223, using chunk size  of 203
LOG (nnet3-xvector-compute[5.5.1076~1-1b07b5]:main():nnet3-xvector-compute.cc:182) Chunk size of 10000 is greater than the number of rows in utterance: 224, using chunk size  of 298
LOG (nnet3-xvector-compute[5.5.1076~1-1b07b5]:main():nnet3-xvector-compute.cc:182) Chunk size of 10000 is greater than the number of rows in utterance: 225, using chunk size  of 315
LOG (nnet3-xvector-compute[5.5.1076~1-1b07b5]:main():nnet3-xvector-compute.cc:182) Chunk size of 10000 is greater than the number of rows in utterance: 226, using chunk size  of 183
LOG (nnet3-xvector-compute[5.5.1076~1-1b07b5]:main():nnet3-xvector-compute.cc:182) Chunk size of 10000 is greater than the number of rows in utterance: 227, using chunk size  of 216
LOG (nnet3-xvector-compute[5.5.1076~1-1b07b5]:main():nnet3-xvector-compute.cc:182) Chunk size of 10000 is greater than the number of rows in utterance: 228, using chunk size  of 44
LOG (nnet3-xvector-compute[5.5.1076~1-1b07b5]:main():nnet3-xvector-compute.cc:182) Chunk size of 10000 is greater than the number of rows in utterance: 229, using chunk size  of 261
LOG (nnet3-xvector-compute[5.5.1076~1-1b07b5]:main():nnet3-xvector-compute.cc:182) Chunk size of 10000 is greater than the number of rows in utterance: 230, using chunk size  of 37
LOG (nnet3-xvector-compute[5.5.1076~1-1b07b5]:main():nnet3-xvector-compute.cc:182) Chunk size of 10000 is greater than the number of rows in utterance: 231, using chunk size  of 162
LOG (nnet3-xvector-compute[5.5.1076~1-1b07b5]:main():nnet3-xvector-compute.cc:182) Chunk size of 10000 is greater than the number of rows in utterance: 232, using chunk size  of 49
LOG (nnet3-xvector-compute[5.5.1076~1-1b07b5]:main():nnet3-xvector-compute.cc:182) Chunk size of 10000 is greater than the number of rows in utterance: 233, using chunk size  of 45
LOG (nnet3-xvector-compute[5.5.1076~1-1b07b5]:main():nnet3-xvector-compute.cc:182) Chunk size of 10000 is greater than the number of rows in utterance: 234, using chunk size  of 101
LOG (nnet3-xvector-compute[5.5.1076~1-1b07b5]:main():nnet3-xvector-compute.cc:182) Chunk size of 10000 is greater than the number of rows in utterance: 235, using chunk size  of 293
LOG (nnet3-xvector-compute[5.5.1076~1-1b07b5]:main():nnet3-xvector-compute.cc:182) Chunk size of 10000 is greater than the number of rows in utterance: 236, using chunk size  of 162
LOG (nnet3-xvector-compute[5.5.1076~1-1b07b5]:main():nnet3-xvector-compute.cc:182) Chunk size of 10000 is greater than the number of rows in utterance: 237, using chunk size  of 201
LOG (nnet3-xvector-compute[5.5.1076~1-1b07b5]:main():nnet3-xvector-compute.cc:182) Chunk size of 10000 is greater than the number of rows in utterance: 238, using chunk size  of 55
LOG (nnet3-xvector-compute[5.5.1076~1-1b07b5]:main():nnet3-xvector-compute.cc:182) Chunk size of 10000 is greater than the number of rows in utterance: 239, using chunk size  of 53
LOG (nnet3-xvector-compute[5.5.1076~1-1b07b5]:main():nnet3-xvector-compute.cc:182) Chunk size of 10000 is greater than the number of rows in utterance: 240, using chunk size  of 229
LOG (nnet3-xvector-compute[5.5.1076~1-1b07b5]:main():nnet3-xvector-compute.cc:182) Chunk size of 10000 is greater than the number of rows in utterance: 241, using chunk size  of 233
LOG (nnet3-xvector-compute[5.5.1076~1-1b07b5]:main():nnet3-xvector-compute.cc:182) Chunk size of 10000 is greater than the number of rows in utterance: 242, using chunk size  of 81
LOG (nnet3-xvector-compute[5.5.1076~1-1b07b5]:main():nnet3-xvector-compute.cc:182) Chunk size of 10000 is greater than the number of rows in utterance: 243, using chunk size  of 279
LOG (nnet3-xvector-compute[5.5.1076~1-1b07b5]:main():nnet3-xvector-compute.cc:182) Chunk size of 10000 is greater than the number of rows in utterance: 244, using chunk size  of 72
LOG (nnet3-xvector-compute[5.5.1076~1-1b07b5]:main():nnet3-xvector-compute.cc:182) Chunk size of 10000 is greater than the number of rows in utterance: 245, using chunk size  of 244
LOG (nnet3-xvector-compute[5.5.1076~1-1b07b5]:main():nnet3-xvector-compute.cc:182) Chunk size of 10000 is greater than the number of rows in utterance: 246, using chunk size  of 136
LOG (nnet3-xvector-compute[5.5.1076~1-1b07b5]:main():nnet3-xvector-compute.cc:182) Chunk size of 10000 is greater than the number of rows in utterance: 247, using chunk size  of 162
LOG (nnet3-xvector-compute[5.5.1076~1-1b07b5]:main():nnet3-xvector-compute.cc:182) Chunk size of 10000 is greater than the number of rows in utterance: 248, using chunk size  of 42
LOG (nnet3-xvector-compute[5.5.1076~1-1b07b5]:main():nnet3-xvector-compute.cc:182) Chunk size of 10000 is greater than the number of rows in utterance: 249, using chunk size  of 68
LOG (nnet3-xvector-compute[5.5.1076~1-1b07b5]:main():nnet3-xvector-compute.cc:182) Chunk size of 10000 is greater than the number of rows in utterance: 250, using chunk size  of 160
LOG (nnet3-xvector-compute[5.5.1076~1-1b07b5]:main():nnet3-xvector-compute.cc:182) Chunk size of 10000 is greater than the number of rows in utterance: 251, using chunk size  of 232
LOG (nnet3-xvector-compute[5.5.1076~1-1b07b5]:main():nnet3-xvector-compute.cc:182) Chunk size of 10000 is greater than the number of rows in utterance: 252, using chunk size  of 72
LOG (nnet3-xvector-compute[5.5.1076~1-1b07b5]:main():nnet3-xvector-compute.cc:182) Chunk size of 10000 is greater than the number of rows in utterance: 253, using chunk size  of 317
LOG (nnet3-xvector-compute[5.5.1076~1-1b07b5]:main():nnet3-xvector-compute.cc:182) Chunk size of 10000 is greater than the number of rows in utterance: 254, using chunk size  of 156
LOG (nnet3-xvector-compute[5.5.1076~1-1b07b5]:main():nnet3-xvector-compute.cc:182) Chunk size of 10000 is greater than the number of rows in utterance: 255, using chunk size  of 70
LOG (nnet3-xvector-compute[5.5.1076~1-1b07b5]:main():nnet3-xvector-compute.cc:182) Chunk size of 10000 is greater than the number of rows in utterance: 256, using chunk size  of 217
LOG (nnet3-xvector-compute[5.5.1076~1-1b07b5]:main():nnet3-xvector-compute.cc:182) Chunk size of 10000 is greater than the number of rows in utterance: 257, using chunk size  of 194
LOG (nnet3-xvector-compute[5.5.1076~1-1b07b5]:main():nnet3-xvector-compute.cc:182) Chunk size of 10000 is greater than the number of rows in utterance: 258, using chunk size  of 39
LOG (nnet3-xvector-compute[5.5.1076~1-1b07b5]:main():nnet3-xvector-compute.cc:182) Chunk size of 10000 is greater than the number of rows in utterance: 259, using chunk size  of 178
LOG (nnet3-xvector-compute[5.5.1076~1-1b07b5]:main():nnet3-xvector-compute.cc:182) Chunk size of 10000 is greater than the number of rows in utterance: 260, using chunk size  of 196
LOG (nnet3-xvector-compute[5.5.1076~1-1b07b5]:main():nnet3-xvector-compute.cc:182) Chunk size of 10000 is greater than the number of rows in utterance: 261, using chunk size  of 53
LOG (nnet3-xvector-compute[5.5.1076~1-1b07b5]:main():nnet3-xvector-compute.cc:182) Chunk size of 10000 is greater than the number of rows in utterance: 262, using chunk size  of 65
LOG (nnet3-xvector-compute[5.5.1076~1-1b07b5]:main():nnet3-xvector-compute.cc:182) Chunk size of 10000 is greater than the number of rows in utterance: 263, using chunk size  of 129
LOG (nnet3-xvector-compute[5.5.1076~1-1b07b5]:main():nnet3-xvector-compute.cc:182) Chunk size of 10000 is greater than the number of rows in utterance: 264, using chunk size  of 144
LOG (nnet3-xvector-compute[5.5.1076~1-1b07b5]:main():nnet3-xvector-compute.cc:182) Chunk size of 10000 is greater than the number of rows in utterance: 265, using chunk size  of 190
LOG (nnet3-xvector-compute[5.5.1076~1-1b07b5]:main():nnet3-xvector-compute.cc:182) Chunk size of 10000 is greater than the number of rows in utterance: 266, using chunk size  of 157
LOG (nnet3-xvector-compute[5.5.1076~1-1b07b5]:main():nnet3-xvector-compute.cc:182) Chunk size of 10000 is greater than the number of rows in utterance: 267, using chunk size  of 169
LOG (nnet3-xvector-compute[5.5.1076~1-1b07b5]:main():nnet3-xvector-compute.cc:182) Chunk size of 10000 is greater than the number of rows in utterance: 268, using chunk size  of 203
LOG (nnet3-xvector-compute[5.5.1076~1-1b07b5]:main():nnet3-xvector-compute.cc:182) Chunk size of 10000 is greater than the number of rows in utterance: 269, using chunk size  of 49
LOG (nnet3-xvector-compute[5.5.1076~1-1b07b5]:main():nnet3-xvector-compute.cc:182) Chunk size of 10000 is greater than the number of rows in utterance: 270, using chunk size  of 49
LOG (nnet3-xvector-compute[5.5.1076~1-1b07b5]:main():nnet3-xvector-compute.cc:182) Chunk size of 10000 is greater than the number of rows in utterance: 271, using chunk size  of 208
LOG (nnet3-xvector-compute[5.5.1076~1-1b07b5]:main():nnet3-xvector-compute.cc:182) Chunk size of 10000 is greater than the number of rows in utterance: 272, using chunk size  of 51
LOG (nnet3-xvector-compute[5.5.1076~1-1b07b5]:main():nnet3-xvector-compute.cc:182) Chunk size of 10000 is greater than the number of rows in utterance: 273, using chunk size  of 173
LOG (nnet3-xvector-compute[5.5.1076~1-1b07b5]:main():nnet3-xvector-compute.cc:182) Chunk size of 10000 is greater than the number of rows in utterance: 274, using chunk size  of 221
LOG (nnet3-xvector-compute[5.5.1076~1-1b07b5]:main():nnet3-xvector-compute.cc:182) Chunk size of 10000 is greater than the number of rows in utterance: 275, using chunk size  of 44
LOG (nnet3-xvector-compute[5.5.1076~1-1b07b5]:main():nnet3-xvector-compute.cc:182) Chunk size of 10000 is greater than the number of rows in utterance: 276, using chunk size  of 168
LOG (nnet3-xvector-compute[5.5.1076~1-1b07b5]:main():nnet3-xvector-compute.cc:182) Chunk size of 10000 is greater than the number of rows in utterance: 277, using chunk size  of 165
LOG (nnet3-xvector-compute[5.5.1076~1-1b07b5]:main():nnet3-xvector-compute.cc:182) Chunk size of 10000 is greater than the number of rows in utterance: 278, using chunk size  of 144
LOG (nnet3-xvector-compute[5.5.1076~1-1b07b5]:main():nnet3-xvector-compute.cc:182) Chunk size of 10000 is greater than the number of rows in utterance: 279, using chunk size  of 51
LOG (nnet3-xvector-compute[5.5.1076~1-1b07b5]:main():nnet3-xvector-compute.cc:182) Chunk size of 10000 is greater than the number of rows in utterance: 280, using chunk size  of 121
LOG (nnet3-xvector-compute[5.5.1076~1-1b07b5]:main():nnet3-xvector-compute.cc:182) Chunk size of 10000 is greater than the number of rows in utterance: 281, using chunk size  of 211
LOG (nnet3-xvector-compute[5.5.1076~1-1b07b5]:main():nnet3-xvector-compute.cc:182) Chunk size of 10000 is greater than the number of rows in utterance: 282, using chunk size  of 154
LOG (nnet3-xvector-compute[5.5.1076~1-1b07b5]:main():nnet3-xvector-compute.cc:182) Chunk size of 10000 is greater than the number of rows in utterance: 283, using chunk size  of 53
LOG (nnet3-xvector-compute[5.5.1076~1-1b07b5]:main():nnet3-xvector-compute.cc:182) Chunk size of 10000 is greater than the number of rows in utterance: 284, using chunk size  of 51
LOG (nnet3-xvector-compute[5.5.1076~1-1b07b5]:main():nnet3-xvector-compute.cc:182) Chunk size of 10000 is greater than the number of rows in utterance: 285, using chunk size  of 210
LOG (nnet3-xvector-compute[5.5.1076~1-1b07b5]:main():nnet3-xvector-compute.cc:182) Chunk size of 10000 is greater than the number of rows in utterance: 286, using chunk size  of 166
LOG (nnet3-xvector-compute[5.5.1076~1-1b07b5]:main():nnet3-xvector-compute.cc:182) Chunk size of 10000 is greater than the number of rows in utterance: 287, using chunk size  of 184
LOG (nnet3-xvector-compute[5.5.1076~1-1b07b5]:main():nnet3-xvector-compute.cc:182) Chunk size of 10000 is greater than the number of rows in utterance: 288, using chunk size  of 202
LOG (nnet3-xvector-compute[5.5.1076~1-1b07b5]:main():nnet3-xvector-compute.cc:182) Chunk size of 10000 is greater than the number of rows in utterance: 289, using chunk size  of 118
LOG (nnet3-xvector-compute[5.5.1076~1-1b07b5]:main():nnet3-xvector-compute.cc:182) Chunk size of 10000 is greater than the number of rows in utterance: 290, using chunk size  of 56
LOG (nnet3-xvector-compute[5.5.1076~1-1b07b5]:main():nnet3-xvector-compute.cc:182) Chunk size of 10000 is greater than the number of rows in utterance: 291, using chunk size  of 236
LOG (nnet3-xvector-compute[5.5.1076~1-1b07b5]:main():nnet3-xvector-compute.cc:182) Chunk size of 10000 is greater than the number of rows in utterance: 292, using chunk size  of 35
LOG (nnet3-xvector-compute[5.5.1076~1-1b07b5]:main():nnet3-xvector-compute.cc:182) Chunk size of 10000 is greater than the number of rows in utterance: 293, using chunk size  of 168
LOG (nnet3-xvector-compute[5.5.1076~1-1b07b5]:main():nnet3-xvector-compute.cc:182) Chunk size of 10000 is greater than the number of rows in utterance: 294, using chunk size  of 142
LOG (nnet3-xvector-compute[5.5.1076~1-1b07b5]:main():nnet3-xvector-compute.cc:182) Chunk size of 10000 is greater than the number of rows in utterance: 295, using chunk size  of 42
LOG (nnet3-xvector-compute[5.5.1076~1-1b07b5]:main():nnet3-xvector-compute.cc:182) Chunk size of 10000 is greater than the number of rows in utterance: 296, using chunk size  of 96
LOG (nnet3-xvector-compute[5.5.1076~1-1b07b5]:main():nnet3-xvector-compute.cc:182) Chunk size of 10000 is greater than the number of rows in utterance: 297, using chunk size  of 155
LOG (nnet3-xvector-compute[5.5.1076~1-1b07b5]:main():nnet3-xvector-compute.cc:182) Chunk size of 10000 is greater than the number of rows in utterance: 298, using chunk size  of 128
LOG (nnet3-xvector-compute[5.5.1076~1-1b07b5]:main():nnet3-xvector-compute.cc:182) Chunk size of 10000 is greater than the number of rows in utterance: 299, using chunk size  of 132
LOG (nnet3-xvector-compute[5.5.1076~1-1b07b5]:main():nnet3-xvector-compute.cc:182) Chunk size of 10000 is greater than the number of rows in utterance: 300, using chunk size  of 115
LOG (nnet3-xvector-compute[5.5.1076~1-1b07b5]:main():nnet3-xvector-compute.cc:182) Chunk size of 10000 is greater than the number of rows in utterance: 301, using chunk size  of 125
LOG (nnet3-xvector-compute[5.5.1076~1-1b07b5]:main():nnet3-xvector-compute.cc:182) Chunk size of 10000 is greater than the number of rows in utterance: 302, using chunk size  of 153
LOG (nnet3-xvector-compute[5.5.1076~1-1b07b5]:main():nnet3-xvector-compute.cc:182) Chunk size of 10000 is greater than the number of rows in utterance: 303, using chunk size  of 99
LOG (nnet3-xvector-compute[5.5.1076~1-1b07b5]:main():nnet3-xvector-compute.cc:182) Chunk size of 10000 is greater than the number of rows in utterance: 304, using chunk size  of 241
LOG (nnet3-xvector-compute[5.5.1076~1-1b07b5]:main():nnet3-xvector-compute.cc:182) Chunk size of 10000 is greater than the number of rows in utterance: 305, using chunk size  of 239
LOG (apply-cmvn-sliding[5.5.1076~1-1b07b5]:main():apply-cmvn-sliding.cc:75) Applied sliding-window cepstral mean normalization to 255 utterances, 0 had errors.
LOG (nnet3-xvector-compute[5.5.1076~1-1b07b5]:main():nnet3-xvector-compute.cc:182) Chunk size of 10000 is greater than the number of rows in utterance: 306, using chunk size  of 179
LOG (select-voiced-frames[5.5.1076~1-1b07b5]:main():select-voiced-frames.cc:106) Done selecting voiced frames; processed 255 utterances, 0 had errors.
LOG (nnet3-xvector-compute[5.5.1076~1-1b07b5]:main():nnet3-xvector-compute.cc:182) Chunk size of 10000 is greater than the number of rows in utterance: 307, using chunk size  of 208
LOG (nnet3-xvector-compute[5.5.1076~1-1b07b5]:main():nnet3-xvector-compute.cc:182) Chunk size of 10000 is greater than the number of rows in utterance: 308, using chunk size  of 267
LOG (nnet3-xvector-compute[5.5.1076~1-1b07b5]:main():nnet3-xvector-compute.cc:182) Chunk size of 10000 is greater than the number of rows in utterance: 309, using chunk size  of 152
LOG (nnet3-xvector-compute[5.5.1076~1-1b07b5]:main():nnet3-xvector-compute.cc:182) Chunk size of 10000 is greater than the number of rows in utterance: 310, using chunk size  of 126
LOG (nnet3-xvector-compute[5.5.1076~1-1b07b5]:main():nnet3-xvector-compute.cc:238) Time taken 46.044s: real-time factor assuming 100 frames/sec is 0.125229
LOG (nnet3-xvector-compute[5.5.1076~1-1b07b5]:main():nnet3-xvector-compute.cc:241) Done 255 utterances, failed for 0
LOG (nnet3-xvector-compute[5.5.1076~1-1b07b5]:~CachingOptimizingCompiler():nnet-optimize.cc:710) 39.3 seconds taken in nnet3 compilation total (breakdown: 38.8 compilation, 0.0972 optimization, 0 shortcut expansion, 0.0203 checking, 4.08e-05 computing indexes, 0.392 misc.) + 0 I/O.
# Accounting: time=46 threads=1
# Ended (code 0) at Thu Nov  2 10:18:21 IST 2023, elapsed time 46 seconds
