# nnet3-xvector-compute --use-gpu=no --min-chunk-size=25 --chunk-size=10000 --cache-capacity=64 "nnet3-copy --nnet-config=exp/xvector_nnet_1a/extract.config exp/xvector_nnet_1a/final.raw - |" "ark:apply-cmvn-sliding --norm-vars=false --center=true --cmn-window=300 scp:data/train_mfcc_16k/split2/2/feats.scp ark:- | select-voiced-frames ark:- scp,s,cs:data/train_mfcc_16k/split2/2/vad.scp ark:- |" ark,scp:exp/xvector_nnet_1a/xvectors_train/xvector.2.ark,exp/xvector_nnet_1a/xvectors_train/xvector.2.scp 
# Started at Thu Nov  2 10:14:27 IST 2023
#
nnet3-xvector-compute --use-gpu=no --min-chunk-size=25 --chunk-size=10000 --cache-capacity=64 'nnet3-copy --nnet-config=exp/xvector_nnet_1a/extract.config exp/xvector_nnet_1a/final.raw - |' 'ark:apply-cmvn-sliding --norm-vars=false --center=true --cmn-window=300 scp:data/train_mfcc_16k/split2/2/feats.scp ark:- | select-voiced-frames ark:- scp,s,cs:data/train_mfcc_16k/split2/2/vad.scp ark:- |' ark,scp:exp/xvector_nnet_1a/xvectors_train/xvector.2.ark,exp/xvector_nnet_1a/xvectors_train/xvector.2.scp 
nnet3-copy --nnet-config=exp/xvector_nnet_1a/extract.config exp/xvector_nnet_1a/final.raw - 
WARNING (nnet3-copy[5.5.1076~1-1b07b5]:Check():nnet-nnet.cc:789) Node tdnn6.relu is never used to compute any output.
WARNING (nnet3-copy[5.5.1076~1-1b07b5]:Check():nnet-nnet.cc:789) Node tdnn6.batchnorm is never used to compute any output.
WARNING (nnet3-copy[5.5.1076~1-1b07b5]:Check():nnet-nnet.cc:789) Node tdnn7.affine is never used to compute any output.
WARNING (nnet3-copy[5.5.1076~1-1b07b5]:Check():nnet-nnet.cc:789) Node tdnn7.relu is never used to compute any output.
WARNING (nnet3-copy[5.5.1076~1-1b07b5]:Check():nnet-nnet.cc:789) Node tdnn7.batchnorm is never used to compute any output.
WARNING (nnet3-copy[5.5.1076~1-1b07b5]:Check():nnet-nnet.cc:789) Node output.affine is never used to compute any output.
WARNING (nnet3-copy[5.5.1076~1-1b07b5]:Check():nnet-nnet.cc:789) Node output.log-softmax is never used to compute any output.
LOG (nnet3-copy[5.5.1076~1-1b07b5]:main():nnet3-copy.cc:123) Copied raw neural net from exp/xvector_nnet_1a/final.raw to -
WARNING (nnet3-xvector-compute[5.5.1076~1-1b07b5]:Check():nnet-nnet.cc:789) Node tdnn6.relu is never used to compute any output.
WARNING (nnet3-xvector-compute[5.5.1076~1-1b07b5]:Check():nnet-nnet.cc:789) Node tdnn6.batchnorm is never used to compute any output.
WARNING (nnet3-xvector-compute[5.5.1076~1-1b07b5]:Check():nnet-nnet.cc:789) Node tdnn7.affine is never used to compute any output.
WARNING (nnet3-xvector-compute[5.5.1076~1-1b07b5]:Check():nnet-nnet.cc:789) Node tdnn7.relu is never used to compute any output.
WARNING (nnet3-xvector-compute[5.5.1076~1-1b07b5]:Check():nnet-nnet.cc:789) Node tdnn7.batchnorm is never used to compute any output.
WARNING (nnet3-xvector-compute[5.5.1076~1-1b07b5]:Check():nnet-nnet.cc:789) Node output.affine is never used to compute any output.
WARNING (nnet3-xvector-compute[5.5.1076~1-1b07b5]:Check():nnet-nnet.cc:789) Node output.log-softmax is never used to compute any output.
LOG (nnet3-xvector-compute[5.5.1076~1-1b07b5]:RemoveOrphanNodes():nnet-nnet.cc:948) Removed 7 orphan nodes.
LOG (nnet3-xvector-compute[5.5.1076~1-1b07b5]:RemoveOrphanComponents():nnet-nnet.cc:847) Removing 7 orphan components.
LOG (nnet3-xvector-compute[5.5.1076~1-1b07b5]:Collapse():nnet-utils.cc:1488) Added 0 components, removed 7
select-voiced-frames ark:- scp,s,cs:data/train_mfcc_16k/split2/2/vad.scp ark:- 
apply-cmvn-sliding --norm-vars=false --center=true --cmn-window=300 scp:data/train_mfcc_16k/split2/2/feats.scp ark:- 
WARNING (apply-cmvn-sliding[5.5.1076~1-1b07b5]:Open():util/kaldi-table-inl.h:106) Failed to open script file data/train_mfcc_16k/split2/2/feats.scp
ERROR (apply-cmvn-sliding[5.5.1076~1-1b07b5]:SequentialTableReader():util/kaldi-table-inl.h:860) Error constructing TableReader: rspecifier is scp:data/train_mfcc_16k/split2/2/feats.scp

[ Stack-Trace: ]
apply-cmvn-sliding(kaldi::MessageLogger::LogMessage() const+0x6de) [0x55771a095464]
apply-cmvn-sliding(kaldi::MessageLogger::LogAndThrow::operator=(kaldi::MessageLogger const&)+0x25) [0x55771a0157ab]
apply-cmvn-sliding(kaldi::SequentialTableReader<kaldi::KaldiObjectHolder<kaldi::Matrix<float> > >::SequentialTableReader(std::__cxx11::basic_string<char, std::char_traits<char>, std::allocator<char> > const&)+0xc4) [0x55771a01a8e2]
apply-cmvn-sliding(main+0xf7) [0x55771a014ca0]
/lib/x86_64-linux-gnu/libc.so.6(+0x29d90) [0x7f3f39229d90]
/lib/x86_64-linux-gnu/libc.so.6(__libc_start_main+0x80) [0x7f3f39229e40]
apply-cmvn-sliding(_start+0x25) [0x55771a014ae5]

kaldi::KaldiFatalErrorWARNING (select-voiced-frames[5.5.1076~1-1b07b5]:ReadScriptFile():kaldi-table.cc:34) Error opening script file: data/train_mfcc_16k/split2/2/vad.scp
ERROR (select-voiced-frames[5.5.1076~1-1b07b5]:RandomAccessTableReader():util/kaldi-table-inl.h:2512) Error opening RandomAccessTableReader object  (rspecifier is: scp,s,cs:data/train_mfcc_16k/split2/2/vad.scp)

[ Stack-Trace: ]
select-voiced-frames(kaldi::MessageLogger::LogMessage() const+0x6de) [0x55c522d636c8]
select-voiced-frames(kaldi::MessageLogger::LogAndThrow::operator=(kaldi::MessageLogger const&)+0x25) [0x55c522ce10bb]
select-voiced-frames(kaldi::RandomAccessTableReader<kaldi::KaldiObjectHolder<kaldi::Vector<float> > >::RandomAccessTableReader(std::__cxx11::basic_string<char, std::char_traits<char>, std::allocator<char> > const&)+0xd5) [0x55c522ce647f]
select-voiced-frames(main+0xef) [0x55c522cdfc98]
/lib/x86_64-linux-gnu/libc.so.6(+0x29d90) [0x7f3ff4e29d90]
/lib/x86_64-linux-gnu/libc.so.6(__libc_start_main+0x80) [0x7f3ff4e29e40]
select-voiced-frames(_start+0x25) [0x55c522cdfae5]

kaldi::KaldiFatalErrorLOG (nnet3-xvector-compute[5.5.1076~1-1b07b5]:main():nnet3-xvector-compute.cc:238) Time taken 0.412282s: real-time factor assuming 100 frames/sec is inf
LOG (nnet3-xvector-compute[5.5.1076~1-1b07b5]:main():nnet3-xvector-compute.cc:241) Done 0 utterances, failed for 0
WARNING (nnet3-xvector-compute[5.5.1076~1-1b07b5]:Close():kaldi-io.cc:515) Pipe apply-cmvn-sliding --norm-vars=false --center=true --cmn-window=300 scp:data/train_mfcc_16k/split2/2/feats.scp ark:- | select-voiced-frames ark:- scp,s,cs:data/train_mfcc_16k/split2/2/vad.scp ark:- | had nonzero return status 65280
ERROR (nnet3-xvector-compute[5.5.1076~1-1b07b5]:~SequentialTableReaderArchiveImpl():util/kaldi-table-inl.h:678) TableReader: error detected closing archive 'apply-cmvn-sliding --norm-vars=false --center=true --cmn-window=300 scp:data/train_mfcc_16k/split2/2/feats.scp ark:- | select-voiced-frames ark:- scp,s,cs:data/train_mfcc_16k/split2/2/vad.scp ark:- |'

[ Stack-Trace: ]
nnet3-xvector-compute(kaldi::MessageLogger::LogMessage() const+0x6de) [0x560fcaf8e008]
nnet3-xvector-compute(kaldi::MessageLogger::LogAndThrow::operator=(kaldi::MessageLogger const&)+0x25) [0x560fcadf53b7]
nnet3-xvector-compute(kaldi::SequentialTableReaderArchiveImpl<kaldi::KaldiObjectHolder<kaldi::Matrix<float> > >::~SequentialTableReaderArchiveImpl()+0x1a7) [0x560fcadf82ff]
nnet3-xvector-compute(kaldi::SequentialTableReaderArchiveImpl<kaldi::KaldiObjectHolder<kaldi::Matrix<float> > >::~SequentialTableReaderArchiveImpl()+0xd) [0x560fcadf8311]
nnet3-xvector-compute(kaldi::SequentialTableReader<kaldi::KaldiObjectHolder<kaldi::Matrix<float> > >::~SequentialTableReader()+0x16) [0x560fcadf9050]
nnet3-xvector-compute(main+0x1396) [0x560fcadf494c]
/lib/x86_64-linux-gnu/libc.so.6(+0x29d90) [0x7fc95e029d90]
/lib/x86_64-linux-gnu/libc.so.6(__libc_start_main+0x80) [0x7fc95e029e40]
nnet3-xvector-compute(_start+0x25) [0x560fcadf2d45]

terminate called after throwing an instance of 'kaldi::KaldiFatalError'
  what():  kaldi::KaldiFatalError
# Accounting: time=1 threads=1
# Ended (code 134) at Thu Nov  2 10:14:28 IST 2023, elapsed time 1 seconds
